This file contains any messages produced by compilers while
running configure, to aid debugging if configure makes a mistake.

It was created by netCDF-Fortran configure 4.5.0-development, which was
generated by GNU Autoconf 2.69.  Invocation command line was

  $ ./configure --enable-doxygen

## --------- ##
## Platform. ##
## --------- ##

hostname = mikado
uname -m = x86_64
uname -r = 4.13.0-25-generic
uname -s = Linux
uname -v = #29-Ubuntu SMP Mon Jan 8 21:14:41 UTC 2018

/usr/bin/uname -p = unknown
/bin/uname -X     = unknown

/bin/arch              = unknown
/usr/bin/arch -k       = unknown
/usr/convex/getsysinfo = unknown
/usr/bin/hostinfo      = unknown
/bin/machine           = unknown
/usr/bin/oslevel       = unknown
/bin/universe          = unknown

PATH: /usr/local/sbin
PATH: /usr/local/bin
PATH: /usr/sbin
PATH: /usr/bin
PATH: /sbin
PATH: /bin
PATH: /usr/games
PATH: /usr/local/games
PATH: /snap/bin
PATH: /usr/lib/jvm/java-8-oracle/bin
PATH: /usr/lib/jvm/java-8-oracle/db/bin
PATH: /usr/lib/jvm/java-8-oracle/jre/bin


## ----------- ##
## Core tests. ##
## ----------- ##

configure:2749: netCDF-Fortran 4.5.0-development
configure:2789: checking build system type
configure:2803: result: x86_64-pc-linux-gnu
configure:2823: checking host system type
configure:2836: result: x86_64-pc-linux-gnu
configure:2858: checking target system type
configure:2871: result: x86_64-pc-linux-gnu
configure:2915: checking for a BSD-compatible install
configure:2983: result: /usr/bin/install -c
configure:2994: checking whether build environment is sane
configure:3049: result: yes
configure:3200: checking for a thread-safe mkdir -p
configure:3239: result: /bin/mkdir -p
configure:3246: checking for gawk
configure:3276: result: no
configure:3246: checking for mawk
configure:3262: found /usr/bin/mawk
configure:3273: result: mawk
configure:3284: checking whether make sets $(MAKE)
configure:3306: result: yes
configure:3335: checking whether make supports nested variables
configure:3352: result: yes
configure:3482: checking user options
configure:3486: checking whether extra valgrind tests should be run
configure:3494: result: no
configure:3498: checking whether parallel IO tests should be run
configure:3506: result: no
configure:3510: checking whether netCDF extra tests should be run (developers only)
configure:3518: result: no
configure:3575: checking for doxygen
configure:3591: found /usr/bin/doxygen
configure:3602: result: doxygen
configure:3624: checking for dot
configure:3654: result: no
configure:3663: WARNING: dot not found - will use simple charts in documentation
configure:3690: finding C compiler
configure:3741: checking for gcc
configure:3757: found /usr/bin/gcc
configure:3768: result: gcc
configure:3997: checking for C compiler version
configure:4006: gcc --version >&5
gcc (Ubuntu 7.2.0-8ubuntu3) 7.2.0
Copyright (C) 2017 Free Software Foundation, Inc.
This is free software; see the source for copying conditions.  There is NO
warranty; not even for MERCHANTABILITY or FITNESS FOR A PARTICULAR PURPOSE.

configure:4017: $? = 0
configure:4006: gcc -v >&5
Using built-in specs.
COLLECT_GCC=gcc
COLLECT_LTO_WRAPPER=/usr/lib/gcc/x86_64-linux-gnu/7/lto-wrapper
OFFLOAD_TARGET_NAMES=nvptx-none
OFFLOAD_TARGET_DEFAULT=1
Target: x86_64-linux-gnu
Configured with: ../src/configure -v --with-pkgversion='Ubuntu 7.2.0-8ubuntu3' --with-bugurl=file:///usr/share/doc/gcc-7/README.Bugs --enable-languages=c,ada,c++,go,brig,d,fortran,objc,obj-c++ --prefix=/usr --with-gcc-major-version-only --program-suffix=-7 --program-prefix=x86_64-linux-gnu- --enable-shared --enable-linker-build-id --libexecdir=/usr/lib --without-included-gettext --enable-threads=posix --libdir=/usr/lib --enable-nls --with-sysroot=/ --enable-clocale=gnu --enable-libstdcxx-debug --enable-libstdcxx-time=yes --with-default-libstdcxx-abi=new --enable-gnu-unique-object --disable-vtable-verify --enable-libmpx --enable-plugin --enable-default-pie --with-system-zlib --with-target-system-zlib --enable-objc-gc=auto --enable-multiarch --disable-werror --with-arch-32=i686 --with-abi=m64 --with-multilib-list=m32,m64,mx32 --enable-multilib --with-tune=generic --enable-offload-targets=nvptx-none --without-cuda-driver --enable-checking=release --build=x86_64-linux-gnu --host=x86_64-linux-gnu --target=x86_64-linux-gnu
Thread model: posix
gcc version 7.2.0 (Ubuntu 7.2.0-8ubuntu3) 
configure:4017: $? = 0
configure:4006: gcc -V >&5
gcc: error: unrecognized command line option '-V'
gcc: fatal error: no input files
compilation terminated.
configure:4017: $? = 1
configure:4006: gcc -qversion >&5
gcc: error: unrecognized command line option '-qversion'; did you mean '--version'?
gcc: fatal error: no input files
compilation terminated.
configure:4017: $? = 1
configure:4037: checking whether the C compiler works
configure:4059: gcc  -I/usr/local/netcdf-dev/include -L/usr/local/netcdf-dev/lib conftest.c  >&5
configure:4063: $? = 0
configure:4111: result: yes
configure:4114: checking for C compiler default output file name
configure:4116: result: a.out
configure:4122: checking for suffix of executables
configure:4129: gcc -o conftest  -I/usr/local/netcdf-dev/include -L/usr/local/netcdf-dev/lib conftest.c  >&5
configure:4133: $? = 0
configure:4155: result: 
configure:4177: checking whether we are cross compiling
configure:4185: gcc -o conftest  -I/usr/local/netcdf-dev/include -L/usr/local/netcdf-dev/lib conftest.c  >&5
configure:4189: $? = 0
configure:4196: ./conftest
configure:4200: $? = 0
configure:4215: result: no
configure:4220: checking for suffix of object files
configure:4242: gcc -c  -I/usr/local/netcdf-dev/include conftest.c >&5
configure:4246: $? = 0
configure:4267: result: o
configure:4271: checking whether we are using the GNU C compiler
configure:4290: gcc -c  -I/usr/local/netcdf-dev/include conftest.c >&5
configure:4290: $? = 0
configure:4299: result: yes
configure:4308: checking whether gcc accepts -g
configure:4328: gcc -c -g -I/usr/local/netcdf-dev/include conftest.c >&5
configure:4328: $? = 0
configure:4369: result: yes
configure:4386: checking for gcc option to accept ISO C89
configure:4449: gcc  -c -g -O2 -I/usr/local/netcdf-dev/include conftest.c >&5
configure:4449: $? = 0
configure:4462: result: none needed
configure:4487: checking whether gcc understands -c and -o together
configure:4509: gcc -c conftest.c -o conftest2.o
configure:4512: $? = 0
configure:4509: gcc -c conftest.c -o conftest2.o
configure:4512: $? = 0
configure:4524: result: yes
configure:4552: checking for style of include used by make
configure:4580: result: GNU
configure:4606: checking dependency style of gcc
configure:4717: result: gcc3
configure:4734: checking for an ANSI C-conforming const
configure:4800: gcc -c -g -O2 -I/usr/local/netcdf-dev/include conftest.c >&5
configure:4800: $? = 0
configure:4807: result: yes
configure:4830: finding Fortran compiler
configure:4885: checking for gfortran
configure:4901: found /usr/bin/gfortran
configure:4912: result: gfortran
configure:4938: checking for Fortran compiler version
configure:4947: gfortran --version >&5
GNU Fortran (Ubuntu 7.2.0-8ubuntu3) 7.2.0
Copyright (C) 2017 Free Software Foundation, Inc.
This is free software; see the source for copying conditions.  There is NO
warranty; not even for MERCHANTABILITY or FITNESS FOR A PARTICULAR PURPOSE.

configure:4958: $? = 0
configure:4947: gfortran -v >&5
Using built-in specs.
COLLECT_GCC=gfortran
COLLECT_LTO_WRAPPER=/usr/lib/gcc/x86_64-linux-gnu/7/lto-wrapper
OFFLOAD_TARGET_NAMES=nvptx-none
OFFLOAD_TARGET_DEFAULT=1
Target: x86_64-linux-gnu
Configured with: ../src/configure -v --with-pkgversion='Ubuntu 7.2.0-8ubuntu3' --with-bugurl=file:///usr/share/doc/gcc-7/README.Bugs --enable-languages=c,ada,c++,go,brig,d,fortran,objc,obj-c++ --prefix=/usr --with-gcc-major-version-only --program-suffix=-7 --program-prefix=x86_64-linux-gnu- --enable-shared --enable-linker-build-id --libexecdir=/usr/lib --without-included-gettext --enable-threads=posix --libdir=/usr/lib --enable-nls --with-sysroot=/ --enable-clocale=gnu --enable-libstdcxx-debug --enable-libstdcxx-time=yes --with-default-libstdcxx-abi=new --enable-gnu-unique-object --disable-vtable-verify --enable-libmpx --enable-plugin --enable-default-pie --with-system-zlib --with-target-system-zlib --enable-objc-gc=auto --enable-multiarch --disable-werror --with-arch-32=i686 --with-abi=m64 --with-multilib-list=m32,m64,mx32 --enable-multilib --with-tune=generic --enable-offload-targets=nvptx-none --without-cuda-driver --enable-checking=release --build=x86_64-linux-gnu --host=x86_64-linux-gnu --target=x86_64-linux-gnu
Thread model: posix
gcc version 7.2.0 (Ubuntu 7.2.0-8ubuntu3) 
configure:4958: $? = 0
configure:4947: gfortran -V >&5
gfortran: error: unrecognized command line option '-V'
gfortran: fatal error: no input files
compilation terminated.
configure:4958: $? = 1
configure:4947: gfortran -qversion >&5
gfortran: error: unrecognized command line option '-qversion'; did you mean '--version'?
gfortran: fatal error: no input files
compilation terminated.
configure:4958: $? = 1
configure:4967: checking whether we are using the GNU Fortran compiler
configure:4980: gfortran -c   conftest.F >&5
configure:4980: $? = 0
configure:4989: result: yes
configure:4995: checking whether gfortran accepts -g
configure:5006: gfortran -c -g  conftest.f >&5
configure:5006: $? = 0
configure:5014: result: yes
configure:5096: checking for gfortran
configure:5112: found /usr/bin/gfortran
configure:5123: result: gfortran
configure:5149: checking for Fortran 77 compiler version
configure:5158: gfortran --version >&5
GNU Fortran (Ubuntu 7.2.0-8ubuntu3) 7.2.0
Copyright (C) 2017 Free Software Foundation, Inc.
This is free software; see the source for copying conditions.  There is NO
warranty; not even for MERCHANTABILITY or FITNESS FOR A PARTICULAR PURPOSE.

configure:5169: $? = 0
configure:5158: gfortran -v >&5
Using built-in specs.
COLLECT_GCC=gfortran
COLLECT_LTO_WRAPPER=/usr/lib/gcc/x86_64-linux-gnu/7/lto-wrapper
OFFLOAD_TARGET_NAMES=nvptx-none
OFFLOAD_TARGET_DEFAULT=1
Target: x86_64-linux-gnu
Configured with: ../src/configure -v --with-pkgversion='Ubuntu 7.2.0-8ubuntu3' --with-bugurl=file:///usr/share/doc/gcc-7/README.Bugs --enable-languages=c,ada,c++,go,brig,d,fortran,objc,obj-c++ --prefix=/usr --with-gcc-major-version-only --program-suffix=-7 --program-prefix=x86_64-linux-gnu- --enable-shared --enable-linker-build-id --libexecdir=/usr/lib --without-included-gettext --enable-threads=posix --libdir=/usr/lib --enable-nls --with-sysroot=/ --enable-clocale=gnu --enable-libstdcxx-debug --enable-libstdcxx-time=yes --with-default-libstdcxx-abi=new --enable-gnu-unique-object --disable-vtable-verify --enable-libmpx --enable-plugin --enable-default-pie --with-system-zlib --with-target-system-zlib --enable-objc-gc=auto --enable-multiarch --disable-werror --with-arch-32=i686 --with-abi=m64 --with-multilib-list=m32,m64,mx32 --enable-multilib --with-tune=generic --enable-offload-targets=nvptx-none --without-cuda-driver --enable-checking=release --build=x86_64-linux-gnu --host=x86_64-linux-gnu --target=x86_64-linux-gnu
Thread model: posix
gcc version 7.2.0 (Ubuntu 7.2.0-8ubuntu3) 
configure:5169: $? = 0
configure:5158: gfortran -V >&5
gfortran: error: unrecognized command line option '-V'
gfortran: fatal error: no input files
compilation terminated.
configure:5169: $? = 1
configure:5158: gfortran -qversion >&5
gfortran: error: unrecognized command line option '-qversion'; did you mean '--version'?
gfortran: fatal error: no input files
compilation terminated.
configure:5169: $? = 1
configure:5178: checking whether we are using the GNU Fortran 77 compiler
configure:5191: gfortran -c  conftest.F >&5
configure:5191: $? = 0
configure:5200: result: yes
configure:5206: checking whether gfortran accepts -g
configure:5217: gfortran -c -g conftest.f >&5
configure:5217: $? = 0
configure:5225: result: yes
configure:5269: checking whether Fortran compiler is checked for ISO_C_BINDING support
configure:5277: result: yes
configure:5297: checking for Fortran flag to compile .f90 files
configure:5317: gfortran -c -g -O2  conftest.f90 >&5
configure:5317: $? = 0
configure:5326: result: none
configure:5354: checking fortran 90 modules inclusion flag
configure:5379: gfortran -c -g -O2  conftest.f90 >&5
configure:5379: $? = 0
configure:5396: gfortran -c -g -O2 -Itmpdir_0  conftest.f90 >&5
configure:5396: $? = 0
configure:5415: result: -I
configure:5420: checking if Fortran compiler supports Fortran 2003 ISO_C_BINDING
configure:5428: gfortran -c -g -O2  conftest.f90
configure:5431: $? = 0
configure:5437: result: yes
configure:5440: checking if Fortran compiler supports Fortran 2008 ISO_FORTRAN_ENV additions
configure:5448: gfortran -c -g -O2  conftest.f90
configure:5451: $? = 0
configure:5460: result: yes
configure:5463: checking if Fortran compiler supports TS29113 standard extension
configure:5471: gfortran -c -g -O2  conftest.f90
configure:5474: $? = 0
configure:5483: result: yes
configure:5502: checking whether F03 native code is desired
configure:5510: result: yes
configure:5531: checking whether fortran type sizes should be checked
configure:5539: result: yes
configure:5543: checking whether large file (> 2GB) tests should be run
configure:5551: result: no
configure:5568: checking whether benchmarks should be run (experimental)
configure:5576: result: no
configure:5590: checking where to put large temp files if large file tests are run
configure:5599: result: .
configure:5786: setting up libtool
configure:5835: checking how to print strings
configure:5862: result: printf
configure:5883: checking for a sed that does not truncate output
configure:5947: result: /bin/sed
configure:5965: checking for grep that handles long lines and -e
configure:6023: result: /bin/grep
configure:6028: checking for egrep
configure:6090: result: /bin/grep -E
configure:6095: checking for fgrep
configure:6157: result: /bin/grep -F
configure:6192: checking for ld used by gcc
configure:6259: result: /usr/bin/ld
configure:6266: checking if the linker (/usr/bin/ld) is GNU ld
configure:6281: result: yes
configure:6293: checking for BSD- or MS-compatible name lister (nm)
configure:6347: result: /usr/bin/nm -B
configure:6477: checking the name lister (/usr/bin/nm -B) interface
configure:6484: gcc -c -g -O2 -I/usr/local/netcdf-dev/include conftest.c >&5
configure:6487: /usr/bin/nm -B "conftest.o"
configure:6490: output
0000000000000000 B some_variable
configure:6497: result: BSD nm
configure:6500: checking whether ln -s works
configure:6504: result: yes
configure:6512: checking the maximum length of command line arguments
configure:6643: result: 1635000
configure:6691: checking how to convert x86_64-pc-linux-gnu file names to x86_64-pc-linux-gnu format
configure:6731: result: func_convert_file_noop
configure:6738: checking how to convert x86_64-pc-linux-gnu file names to toolchain format
configure:6758: result: func_convert_file_noop
configure:6765: checking for /usr/bin/ld option to reload object files
configure:6772: result: -r
configure:6846: checking for objdump
configure:6862: found /usr/bin/objdump
configure:6873: result: objdump
configure:6905: checking how to recognize dependent libraries
configure:7105: result: pass_all
configure:7190: checking for dlltool
configure:7220: result: no
configure:7250: checking how to associate runtime and link libraries
configure:7277: result: printf %s\n
configure:7337: checking for ar
configure:7353: found /usr/bin/ar
configure:7364: result: ar
configure:7401: checking for archiver @FILE support
configure:7418: gcc -c -g -O2 -I/usr/local/netcdf-dev/include conftest.c >&5
configure:7418: $? = 0
configure:7421: ar cru libconftest.a @conftest.lst >&5
ar: `u' modifier ignored since `D' is the default (see `U')
configure:7424: $? = 0
configure:7429: ar cru libconftest.a @conftest.lst >&5
ar: `u' modifier ignored since `D' is the default (see `U')
ar: conftest.o: No such file or directory
configure:7432: $? = 1
configure:7444: result: @
configure:7502: checking for strip
configure:7518: found /usr/bin/strip
configure:7529: result: strip
configure:7601: checking for ranlib
configure:7617: found /usr/bin/ranlib
configure:7628: result: ranlib
configure:7730: checking command to parse /usr/bin/nm -B output from gcc object
configure:7883: gcc -c -g -O2 -I/usr/local/netcdf-dev/include conftest.c >&5
configure:7886: $? = 0
configure:7890: /usr/bin/nm -B conftest.o \| sed -n -e 's/^.*[ ]\([ABCDGIRSTW][ABCDGIRSTW]*\)[ ][ ]*\([_A-Za-z][_A-Za-z0-9]*\)$/\1 \2 \2/p' | sed '/ __gnu_lto/d' \> conftest.nm
configure:7893: $? = 0
configure:7959: gcc -o conftest -g -O2 -I/usr/local/netcdf-dev/include -L/usr/local/netcdf-dev/lib conftest.c conftstm.o >&5
configure:7962: $? = 0
configure:8000: result: ok
configure:8047: checking for sysroot
configure:8077: result: no
configure:8084: checking for a working dd
configure:8122: result: /bin/dd
configure:8126: checking how to truncate binary pipes
configure:8141: result: /bin/dd bs=4096 count=1
configure:8277: gcc -c -g -O2 -I/usr/local/netcdf-dev/include conftest.c >&5
configure:8280: $? = 0
configure:8470: checking for mt
configure:8486: found /bin/mt
configure:8497: result: mt
configure:8520: checking if mt is a manifest tool
configure:8526: mt '-?'
configure:8534: result: no
configure:9211: checking how to run the C preprocessor
configure:9242: gcc -E -I/usr/local/netcdf-dev/include conftest.c
configure:9242: $? = 0
configure:9256: gcc -E -I/usr/local/netcdf-dev/include conftest.c
conftest.c:14:10: fatal error: ac_nonexistent.h: No such file or directory
 #include <ac_nonexistent.h>
          ^~~~~~~~~~~~~~~~~~
compilation terminated.
configure:9256: $? = 1
configure: failed program was:
| /* confdefs.h */
| #define PACKAGE_NAME "netCDF-Fortran"
| #define PACKAGE_TARNAME "netcdf-fortran"
| #define PACKAGE_VERSION "4.5.0-development"
| #define PACKAGE_STRING "netCDF-Fortran 4.5.0-development"
| #define PACKAGE_BUGREPORT "support-netcdf@unidata.ucar.edu"
| #define PACKAGE_URL ""
| #define PACKAGE "netcdf-fortran"
| #define VERSION "4.5.0-development"
| #define HAVE_F2008 1
| #define HAVE_TS29113_SUPPORT 1
| #define TEMP_LARGE "."
| /* end confdefs.h.  */
| #include <ac_nonexistent.h>
configure:9281: result: gcc -E
configure:9301: gcc -E -I/usr/local/netcdf-dev/include conftest.c
configure:9301: $? = 0
configure:9315: gcc -E -I/usr/local/netcdf-dev/include conftest.c
conftest.c:14:10: fatal error: ac_nonexistent.h: No such file or directory
 #include <ac_nonexistent.h>
          ^~~~~~~~~~~~~~~~~~
compilation terminated.
configure:9315: $? = 1
configure: failed program was:
| /* confdefs.h */
| #define PACKAGE_NAME "netCDF-Fortran"
| #define PACKAGE_TARNAME "netcdf-fortran"
| #define PACKAGE_VERSION "4.5.0-development"
| #define PACKAGE_STRING "netCDF-Fortran 4.5.0-development"
| #define PACKAGE_BUGREPORT "support-netcdf@unidata.ucar.edu"
| #define PACKAGE_URL ""
| #define PACKAGE "netcdf-fortran"
| #define VERSION "4.5.0-development"
| #define HAVE_F2008 1
| #define HAVE_TS29113_SUPPORT 1
| #define TEMP_LARGE "."
| /* end confdefs.h.  */
| #include <ac_nonexistent.h>
configure:9344: checking for ANSI C header files
configure:9364: gcc -c -g -O2 -I/usr/local/netcdf-dev/include conftest.c >&5
configure:9364: $? = 0
configure:9437: gcc -o conftest -g -O2 -I/usr/local/netcdf-dev/include -L/usr/local/netcdf-dev/lib conftest.c  >&5
configure:9437: $? = 0
configure:9437: ./conftest
configure:9437: $? = 0
configure:9448: result: yes
configure:9461: checking for sys/types.h
configure:9461: gcc -c -g -O2 -I/usr/local/netcdf-dev/include conftest.c >&5
configure:9461: $? = 0
configure:9461: result: yes
configure:9461: checking for sys/stat.h
configure:9461: gcc -c -g -O2 -I/usr/local/netcdf-dev/include conftest.c >&5
configure:9461: $? = 0
configure:9461: result: yes
configure:9461: checking for stdlib.h
configure:9461: gcc -c -g -O2 -I/usr/local/netcdf-dev/include conftest.c >&5
configure:9461: $? = 0
configure:9461: result: yes
configure:9461: checking for string.h
configure:9461: gcc -c -g -O2 -I/usr/local/netcdf-dev/include conftest.c >&5
configure:9461: $? = 0
configure:9461: result: yes
configure:9461: checking for memory.h
configure:9461: gcc -c -g -O2 -I/usr/local/netcdf-dev/include conftest.c >&5
configure:9461: $? = 0
configure:9461: result: yes
configure:9461: checking for strings.h
configure:9461: gcc -c -g -O2 -I/usr/local/netcdf-dev/include conftest.c >&5
configure:9461: $? = 0
configure:9461: result: yes
configure:9461: checking for inttypes.h
configure:9461: gcc -c -g -O2 -I/usr/local/netcdf-dev/include conftest.c >&5
configure:9461: $? = 0
configure:9461: result: yes
configure:9461: checking for stdint.h
configure:9461: gcc -c -g -O2 -I/usr/local/netcdf-dev/include conftest.c >&5
configure:9461: $? = 0
configure:9461: result: yes
configure:9461: checking for unistd.h
configure:9461: gcc -c -g -O2 -I/usr/local/netcdf-dev/include conftest.c >&5
configure:9461: $? = 0
configure:9461: result: yes
configure:9475: checking for dlfcn.h
configure:9475: gcc -c -g -O2 -I/usr/local/netcdf-dev/include conftest.c >&5
configure:9475: $? = 0
configure:9475: result: yes
configure:9742: checking for objdir
configure:9757: result: .libs
configure:10021: checking if gcc supports -fno-rtti -fno-exceptions
configure:10039: gcc -c -g -O2 -I/usr/local/netcdf-dev/include -fno-rtti -fno-exceptions conftest.c >&5
cc1: warning: command line option '-fno-rtti' is valid for C++/ObjC++ but not for C
configure:10043: $? = 0
configure:10056: result: no
configure:10414: checking for gcc option to produce PIC
configure:10421: result: -fPIC -DPIC
configure:10429: checking if gcc PIC flag -fPIC -DPIC works
configure:10447: gcc -c -g -O2 -I/usr/local/netcdf-dev/include -fPIC -DPIC -DPIC conftest.c >&5
configure:10451: $? = 0
configure:10464: result: yes
configure:10493: checking if gcc static flag -static works
configure:10521: result: yes
configure:10536: checking if gcc supports -c -o file.o
configure:10557: gcc -c -g -O2 -I/usr/local/netcdf-dev/include -o out/conftest2.o conftest.c >&5
configure:10561: $? = 0
configure:10583: result: yes
configure:10591: checking if gcc supports -c -o file.o
configure:10638: result: yes
configure:10671: checking whether the gcc linker (/usr/bin/ld -m elf_x86_64) supports shared libraries
configure:11934: result: yes
configure:11971: checking whether -lc should be explicitly linked in
configure:11979: gcc -c -g -O2 -I/usr/local/netcdf-dev/include conftest.c >&5
configure:11982: $? = 0
configure:11997: gcc -shared  -fPIC -DPIC conftest.o  -v -Wl,-soname -Wl,conftest -o conftest 2\>\&1 \| /bin/grep  -lc  \>/dev/null 2\>\&1
configure:12000: $? = 0
configure:12014: result: no
configure:12174: checking dynamic linker characteristics
configure:12755: gcc -o conftest -g -O2 -I/usr/local/netcdf-dev/include -L/usr/local/netcdf-dev/lib -Wl,-rpath -Wl,/foo conftest.c  >&5
configure:12755: $? = 0
configure:13004: result: GNU/Linux ld.so
configure:13126: checking how to hardcode library paths into programs
configure:13151: result: immediate
configure:13699: checking whether stripping libraries is possible
configure:13704: result: yes
configure:13739: checking if libtool supports shared libraries
configure:13741: result: yes
configure:13744: checking whether to build shared libraries
configure:13769: result: yes
configure:13772: checking whether to build static libraries
configure:13776: result: yes
configure:13893: checking if libtool supports shared libraries
configure:13895: result: yes
configure:13898: checking whether to build shared libraries
configure:13922: result: yes
configure:13925: checking whether to build static libraries
configure:13929: result: yes
configure:14281: checking for gfortran option to produce PIC
configure:14288: result: -fPIC
configure:14296: checking if gfortran PIC flag -fPIC works
configure:14314: gfortran -c -g -O2 -fPIC conftest.f >&5
configure:14318: $? = 0
configure:14331: result: yes
configure:14354: checking if gfortran static flag -static works
configure:14382: result: yes
configure:14394: checking if gfortran supports -c -o file.o
configure:14415: gfortran -c -g -O2 -o out/conftest2.o conftest.f >&5
configure:14419: $? = 0
configure:14441: result: yes
configure:14446: checking if gfortran supports -c -o file.o
configure:14493: result: yes
configure:14523: checking whether the gfortran linker (/usr/bin/ld -m elf_x86_64) supports shared libraries
configure:15736: result: yes
configure:15877: checking dynamic linker characteristics
configure:16628: result: GNU/Linux ld.so
configure:16693: checking how to hardcode library paths into programs
configure:16718: result: immediate
configure:16855: checking if libtool supports shared libraries
configure:16857: result: yes
configure:16860: checking whether to build shared libraries
configure:16884: result: yes
configure:16887: checking whether to build static libraries
configure:16891: result: yes
configure:16925: gfortran -c -g -O2  conftest.f90 >&5
configure:16928: $? = 0
configure:17406: checking for gfortran option to produce PIC
configure:17413: result: -fPIC
configure:17421: checking if gfortran PIC flag -fPIC works
configure:17439: gfortran -c -g -O2 -fPIC  conftest.f90 >&5
configure:17443: $? = 0
configure:17456: result: yes
configure:17479: checking if gfortran static flag -static works
configure:17507: result: yes
configure:17519: checking if gfortran supports -c -o file.o
configure:17540: gfortran -c -g -O2 -o out/conftest2.o  conftest.f90 >&5
configure:17544: $? = 0
configure:17566: result: yes
configure:17571: checking if gfortran supports -c -o file.o
configure:17618: result: yes
configure:17648: checking whether the gfortran linker (/usr/bin/ld -m elf_x86_64) supports shared libraries
configure:18861: result: yes
configure:19002: checking dynamic linker characteristics
configure:19753: result: GNU/Linux ld.so
configure:19818: checking how to hardcode library paths into programs
configure:19843: result: immediate
configure:19904: finding other utilities
configure:19910: trying to set fortran flags for this platform
configure:19912: checking what FC is set to
configure:19914: result: gfortran
configure:19962: checking for special C compiler options needed for large files
configure:20007: result: no
configure:20013: checking for _FILE_OFFSET_BITS value needed for large files
configure:20038: gcc -c -g -O2 -I/usr/local/netcdf-dev/include conftest.c >&5
configure:20038: $? = 0
configure:20070: result: no
configure:20218: checking for /usr/bin/nm
configure:20245: result: /usr/bin/nm -B
configure:20258: checking nm flags
configure:20263: result: 
configure:20275: checking for C-equivalent to Fortran routine "SUB"
configure:20282: gfortran -c -g -O2 conftest.f
configure:20285: $? = 0
configure:20295: result: sub_
configure:20315: checking for Fortran "byte"
configure:20323: gfortran -c -g -O2 conftest.f
configure:20326: $? = 0
configure:20328: result: yes
configure:20346: checking for Fortran "integer*2"
configure:20354: gfortran -c -g -O2 conftest.f
configure:20357: $? = 0
configure:20359: result: yes
configure:20386: checking if Fortran "byte" is C "signed char"
configure:20397: gcc -c -I/usr/local/netcdf-dev/include -g -O2 conftest.c
configure:20400: $? = 0
configure:20403: gfortran -g -O2 -c conftestf.f
configure:20406: $? = 0
configure:20409: gfortran -o conftest -g -O2 -L/usr/local/netcdf-dev/lib conftestf.o conftest.o  
configure:20412: $? = 0
configure:20415: ./conftest
configure:20418: $? = 0
configure:20420: result: yes
configure:20454: checking if Fortran "byte" is C "short"
configure:20465: gcc -c -I/usr/local/netcdf-dev/include -g -O2 conftest.c
configure:20468: $? = 0
configure:20471: gfortran -g -O2 -c conftestf.f
configure:20474: $? = 0
configure:20477: gfortran -o conftest -g -O2 -L/usr/local/netcdf-dev/lib conftestf.o conftest.o  
configure:20480: $? = 0
configure:20483: ./conftest
configure:20486: $? = 1
configure:20499: result: no
configure:20522: checking if Fortran "byte" is C "int"
configure:20533: gcc -c -I/usr/local/netcdf-dev/include -g -O2 conftest.c
configure:20536: $? = 0
configure:20539: gfortran -g -O2 -c conftestf.f
configure:20542: $? = 0
configure:20545: gfortran -o conftest -g -O2 -L/usr/local/netcdf-dev/lib conftestf.o conftest.o  
configure:20548: $? = 0
configure:20551: ./conftest
configure:20554: $? = 1
configure:20567: result: no
configure:20590: checking if Fortran "byte" is C "long"
configure:20601: gcc -c -I/usr/local/netcdf-dev/include -g -O2 conftest.c
configure:20604: $? = 0
configure:20607: gfortran -g -O2 -c conftestf.f
configure:20610: $? = 0
configure:20613: gfortran -o conftest -g -O2 -L/usr/local/netcdf-dev/lib conftestf.o conftest.o  
configure:20616: $? = 0
configure:20619: ./conftest
configure:20622: $? = 1
configure:20635: result: no
configure:20662: checking if Fortran "integer*2" is C "short"
configure:20673: gcc -c -I/usr/local/netcdf-dev/include -g -O2 conftest.c
configure:20676: $? = 0
configure:20679: gfortran -g -O2 -c conftestf.f
configure:20682: $? = 0
configure:20685: gfortran -o conftest -g -O2 -L/usr/local/netcdf-dev/lib conftestf.o conftest.o  
configure:20688: $? = 0
configure:20691: ./conftest
configure:20694: $? = 0
configure:20696: result: yes
configure:20730: checking if Fortran "integer*2" is C "int"
configure:20741: gcc -c -I/usr/local/netcdf-dev/include -g -O2 conftest.c
configure:20744: $? = 0
configure:20747: gfortran -g -O2 -c conftestf.f
configure:20750: $? = 0
configure:20753: gfortran -o conftest -g -O2 -L/usr/local/netcdf-dev/lib conftestf.o conftest.o  
configure:20756: $? = 0
configure:20759: ./conftest
configure:20762: $? = 1
configure:20775: result: no
configure:20798: checking if Fortran "integer*2" is C "long"
configure:20809: gcc -c -I/usr/local/netcdf-dev/include -g -O2 conftest.c
configure:20812: $? = 0
configure:20815: gfortran -g -O2 -c conftestf.f
configure:20818: $? = 0
configure:20821: gfortran -o conftest -g -O2 -L/usr/local/netcdf-dev/lib conftestf.o conftest.o  
configure:20824: $? = 0
configure:20827: ./conftest
configure:20830: $? = 1
configure:20843: result: no
configure:20868: checking if Fortran "integer" is C "int"
configure:20879: gcc -c -I/usr/local/netcdf-dev/include -g -O2 conftest.c
configure:20882: $? = 0
configure:20885: gfortran -g -O2 -c conftestf.f
configure:20888: $? = 0
configure:20891: gfortran -o conftest -g -O2 -L/usr/local/netcdf-dev/lib conftestf.o conftest.o  
configure:20894: $? = 0
configure:20897: ./conftest
configure:20900: $? = 0
configure:20902: result: yes
configure:20936: checking if Fortran "real" is C "float"
configure:20947: gcc -c -I/usr/local/netcdf-dev/include -g -O2 conftest.c
configure:20950: $? = 0
configure:20953: gfortran -g -O2 -c conftestf.f
configure:20956: $? = 0
configure:20959: gfortran -o conftest -g -O2 -L/usr/local/netcdf-dev/lib conftestf.o conftest.o  
configure:20962: $? = 0
configure:20965: ./conftest
configure:20968: $? = 0
configure:20970: result: yes
configure:21004: checking if Fortran "doubleprecision" is C "double"
configure:21015: gcc -c -I/usr/local/netcdf-dev/include -g -O2 conftest.c
configure:21018: $? = 0
configure:21021: gfortran -g -O2 -c conftestf.f
configure:21024: $? = 0
configure:21027: gfortran -o conftest -g -O2 -L/usr/local/netcdf-dev/lib conftestf.o conftest.o  
configure:21030: $? = 0
configure:21033: ./conftest
configure:21036: $? = 0
configure:21038: result: yes
configure:21066: checking for Fortran-equivalent to netCDF "byte"
configure:21074: gfortran -c -g -O2 conftest.f
configure:21077: $? = 0
configure:21088: result: byte
configure:21094: checking for Fortran-equivalent to netCDF "short"
configure:21102: gfortran -c -g -O2 conftest.f
configure:21105: $? = 0
configure:21116: result: integer*2
configure:21209: checking whether extra example tests should be run
configure:21217: result: no
configure:21230: checking whether a win32 DLL is desired
configure:21238: result: no
configure:21254: checking types, headers, and functions
configure:21260: checking netcdf.h usability
configure:21260: gcc -c -g -O2 -I/usr/local/netcdf-dev/include conftest.c >&5
configure:21260: $? = 0
configure:21260: result: yes
configure:21260: checking netcdf.h presence
configure:21260: gcc -E -I/usr/local/netcdf-dev/include conftest.c
configure:21260: $? = 0
configure:21260: result: yes
configure:21260: checking for netcdf.h
configure:21260: result: yes
configure:21272: checking for library containing nc_open
configure:21303: gcc -o conftest -g -O2 -I/usr/local/netcdf-dev/include -L/usr/local/netcdf-dev/lib conftest.c  >&5
/tmp/cc4IKsct.o: In function `main':
/home/ed/tmp/netcdf-fortran/conftest.c:48: undefined reference to `nc_open'
collect2: error: ld returned 1 exit status
configure:21303: $? = 1
configure: failed program was:
| /* confdefs.h */
| #define PACKAGE_NAME "netCDF-Fortran"
| #define PACKAGE_TARNAME "netcdf-fortran"
| #define PACKAGE_VERSION "4.5.0-development"
| #define PACKAGE_STRING "netCDF-Fortran 4.5.0-development"
| #define PACKAGE_BUGREPORT "support-netcdf@unidata.ucar.edu"
| #define PACKAGE_URL ""
| #define PACKAGE "netcdf-fortran"
| #define VERSION "4.5.0-development"
| #define HAVE_F2008 1
| #define HAVE_TS29113_SUPPORT 1
| #define TEMP_LARGE "."
| #define STDC_HEADERS 1
| #define HAVE_SYS_TYPES_H 1
| #define HAVE_SYS_STAT_H 1
| #define HAVE_STDLIB_H 1
| #define HAVE_STRING_H 1
| #define HAVE_MEMORY_H 1
| #define HAVE_STRINGS_H 1
| #define HAVE_INTTYPES_H 1
| #define HAVE_STDINT_H 1
| #define HAVE_UNISTD_H 1
| #define HAVE_DLFCN_H 1
| #define LT_OBJDIR ".libs/"
| #define pgiFortran 1
| #define NF_INT1_T byte
| #define NF_INT2_T integer*2
| #define NF_INT1_IS_C_SIGNED_CHAR 1
| #define NF_INT2_IS_C_SHORT 1
| #define NF_INT_IS_C_INT 1
| #define NF_REAL_IS_C_FLOAT 1
| #define NF_DOUBLEPRECISION_IS_C_DOUBLE 1
| #define NCBYTE_T byte
| #define NCSHORT_T integer*2
| #define HAVE_NETCDF_H 1
| /* end confdefs.h.  */
| 
| /* Override any GCC internal prototype to avoid an error.
|    Use char because int might match the return type of a GCC
|    builtin and then its argument prototype would still apply.  */
| #ifdef __cplusplus
| extern "C"
| #endif
| char nc_open ();
| int
| main ()
| {
| return nc_open ();
|   ;
|   return 0;
| }
configure:21303: gcc -o conftest -g -O2 -I/usr/local/netcdf-dev/include -L/usr/local/netcdf-dev/lib conftest.c -lnetcdf   >&5
configure:21303: $? = 0
configure:21320: result: -lnetcdf
configure:21333: checking for nc_def_opaque
configure:21333: gcc -o conftest -g -O2 -I/usr/local/netcdf-dev/include -L/usr/local/netcdf-dev/lib conftest.c -lnetcdf  >&5
configure:21333: $? = 0
configure:21333: result: yes
configure:21333: checking for nccreate
configure:21333: gcc -o conftest -g -O2 -I/usr/local/netcdf-dev/include -L/usr/local/netcdf-dev/lib conftest.c -lnetcdf  >&5
configure:21333: $? = 0
configure:21333: result: yes
configure:21333: checking for nc_set_log_level
configure:21333: gcc -o conftest -g -O2 -I/usr/local/netcdf-dev/include -L/usr/local/netcdf-dev/lib conftest.c -lnetcdf  >&5
configure:21333: $? = 0
configure:21333: result: yes
configure:21333: checking for oc_open
configure:21333: gcc -o conftest -g -O2 -I/usr/local/netcdf-dev/include -L/usr/local/netcdf-dev/lib conftest.c -lnetcdf  >&5
configure:21333: $? = 0
configure:21333: result: yes
configure:21333: checking for nc_use_parallel_enabled
configure:21333: gcc -o conftest -g -O2 -I/usr/local/netcdf-dev/include -L/usr/local/netcdf-dev/lib conftest.c -lnetcdf  >&5
configure:21333: $? = 0
configure:21333: result: yes
configure:21372: checking netCDF v2 API present
configure:21374: result: yes
configure:21376: checking netCDF-4 present
configure:21378: result: yes
configure:21421: checking for stdlib.h
configure:21421: result: yes
configure:21431: checking for sys/types.h
configure:21431: result: yes
configure:21443: checking sys/param.h usability
configure:21443: gcc -c -g -O2 -I/usr/local/netcdf-dev/include conftest.c >&5
configure:21443: $? = 0
configure:21443: result: yes
configure:21443: checking sys/param.h presence
configure:21443: gcc -E -I/usr/local/netcdf-dev/include conftest.c
configure:21443: $? = 0
configure:21443: result: yes
configure:21443: checking for sys/param.h
configure:21443: result: yes
configure:21458: checking locale.h usability
configure:21458: gcc -c -g -O2 -I/usr/local/netcdf-dev/include conftest.c >&5
configure:21458: $? = 0
configure:21458: result: yes
configure:21458: checking locale.h presence
configure:21458: gcc -E -I/usr/local/netcdf-dev/include conftest.c
configure:21458: $? = 0
configure:21458: result: yes
configure:21458: checking for locale.h
configure:21458: result: yes
configure:21458: checking stdio.h usability
configure:21458: gcc -c -g -O2 -I/usr/local/netcdf-dev/include conftest.c >&5
configure:21458: $? = 0
configure:21458: result: yes
configure:21458: checking stdio.h presence
configure:21458: gcc -E -I/usr/local/netcdf-dev/include conftest.c
configure:21458: $? = 0
configure:21458: result: yes
configure:21458: checking for stdio.h
configure:21458: result: yes
configure:21458: checking stdarg.h usability
configure:21458: gcc -c -g -O2 -I/usr/local/netcdf-dev/include conftest.c >&5
configure:21458: $? = 0
configure:21458: result: yes
configure:21458: checking stdarg.h presence
configure:21458: gcc -E -I/usr/local/netcdf-dev/include conftest.c
configure:21458: $? = 0
configure:21458: result: yes
configure:21458: checking for stdarg.h
configure:21458: result: yes
configure:21458: checking errno.h usability
configure:21458: gcc -c -g -O2 -I/usr/local/netcdf-dev/include conftest.c >&5
configure:21458: $? = 0
configure:21458: result: yes
configure:21458: checking errno.h presence
configure:21458: gcc -E -I/usr/local/netcdf-dev/include conftest.c
configure:21458: $? = 0
configure:21458: result: yes
configure:21458: checking for errno.h
configure:21458: result: yes
configure:21458: checking ctype.h usability
configure:21458: gcc -c -g -O2 -I/usr/local/netcdf-dev/include conftest.c >&5
configure:21458: $? = 0
configure:21458: result: yes
configure:21458: checking ctype.h presence
configure:21458: gcc -E -I/usr/local/netcdf-dev/include conftest.c
configure:21458: $? = 0
configure:21458: result: yes
configure:21458: checking for ctype.h
configure:21458: result: yes
configure:21458: checking fcntl.h usability
configure:21458: gcc -c -g -O2 -I/usr/local/netcdf-dev/include conftest.c >&5
configure:21458: $? = 0
configure:21458: result: yes
configure:21458: checking fcntl.h presence
configure:21458: gcc -E -I/usr/local/netcdf-dev/include conftest.c
configure:21458: $? = 0
configure:21458: result: yes
configure:21458: checking for fcntl.h
configure:21458: result: yes
configure:21458: checking malloc.h usability
configure:21458: gcc -c -g -O2 -I/usr/local/netcdf-dev/include conftest.c >&5
configure:21458: $? = 0
configure:21458: result: yes
configure:21458: checking malloc.h presence
configure:21458: gcc -E -I/usr/local/netcdf-dev/include conftest.c
configure:21458: $? = 0
configure:21458: result: yes
configure:21458: checking for malloc.h
configure:21458: result: yes
configure:21458: checking for stdlib.h
configure:21458: result: yes
configure:21458: checking for string.h
configure:21458: result: yes
configure:21458: checking for strings.h
configure:21458: result: yes
configure:21458: checking for unistd.h
configure:21458: result: yes
configure:21458: checking for sys/stat.h
configure:21458: result: yes
configure:21458: checking getopt.h usability
configure:21458: gcc -c -g -O2 -I/usr/local/netcdf-dev/include conftest.c >&5
configure:21458: $? = 0
configure:21458: result: yes
configure:21458: checking getopt.h presence
configure:21458: gcc -E -I/usr/local/netcdf-dev/include conftest.c
configure:21458: $? = 0
configure:21458: result: yes
configure:21458: checking for getopt.h
configure:21458: result: yes
configure:21458: checking sys/time.h usability
configure:21458: gcc -c -g -O2 -I/usr/local/netcdf-dev/include conftest.c >&5
configure:21458: $? = 0
configure:21458: result: yes
configure:21458: checking sys/time.h presence
configure:21458: gcc -E -I/usr/local/netcdf-dev/include conftest.c
configure:21458: $? = 0
configure:21458: result: yes
configure:21458: checking for sys/time.h
configure:21458: result: yes
configure:21458: checking sys/resource.h usability
configure:21458: gcc -c -g -O2 -I/usr/local/netcdf-dev/include conftest.c >&5
configure:21458: $? = 0
configure:21458: result: yes
configure:21458: checking sys/resource.h presence
configure:21458: gcc -E -I/usr/local/netcdf-dev/include conftest.c
configure:21458: $? = 0
configure:21458: result: yes
configure:21458: checking for sys/resource.h
configure:21458: result: yes
configure:21471: checking for dirent.h that defines DIR
configure:21490: gcc -c -g -O2 -I/usr/local/netcdf-dev/include conftest.c >&5
configure:21490: $? = 0
configure:21498: result: yes
configure:21511: checking for library containing opendir
configure:21542: gcc -o conftest -g -O2 -I/usr/local/netcdf-dev/include -L/usr/local/netcdf-dev/lib conftest.c -lnetcdf  >&5
configure:21542: $? = 0
configure:21559: result: none required
configure:21626: checking for ANSI C header files
configure:21730: result: yes
configure:21738: checking for sys/wait.h that is POSIX.1 compatible
configure:21764: gcc -c -g -O2 -I/usr/local/netcdf-dev/include conftest.c >&5
configure:21764: $? = 0
configure:21771: result: yes
configure:21779: checking whether time.h and sys/time.h may both be included
configure:21799: gcc -c -g -O2 -I/usr/local/netcdf-dev/include conftest.c >&5
configure:21799: $? = 0
configure:21806: result: yes
configure:21817: checking for vprintf
configure:21817: gcc -o conftest -g -O2 -I/usr/local/netcdf-dev/include -L/usr/local/netcdf-dev/lib conftest.c -lnetcdf  >&5
conftest.c:86:6: warning: conflicting types for built-in function 'vprintf' [-Wbuiltin-declaration-mismatch]
 char vprintf ();
      ^~~~~~~
configure:21817: $? = 0
configure:21817: result: yes
configure:21823: checking for _doprnt
configure:21823: gcc -o conftest -g -O2 -I/usr/local/netcdf-dev/include -L/usr/local/netcdf-dev/lib conftest.c -lnetcdf  >&5
/tmp/cca8tRIo.o: In function `main':
/home/ed/tmp/netcdf-fortran/conftest.c:98: undefined reference to `_doprnt'
collect2: error: ld returned 1 exit status
configure:21823: $? = 1
configure: failed program was:
| /* confdefs.h */
| #define PACKAGE_NAME "netCDF-Fortran"
| #define PACKAGE_TARNAME "netcdf-fortran"
| #define PACKAGE_VERSION "4.5.0-development"
| #define PACKAGE_STRING "netCDF-Fortran 4.5.0-development"
| #define PACKAGE_BUGREPORT "support-netcdf@unidata.ucar.edu"
| #define PACKAGE_URL ""
| #define PACKAGE "netcdf-fortran"
| #define VERSION "4.5.0-development"
| #define HAVE_F2008 1
| #define HAVE_TS29113_SUPPORT 1
| #define TEMP_LARGE "."
| #define STDC_HEADERS 1
| #define HAVE_SYS_TYPES_H 1
| #define HAVE_SYS_STAT_H 1
| #define HAVE_STDLIB_H 1
| #define HAVE_STRING_H 1
| #define HAVE_MEMORY_H 1
| #define HAVE_STRINGS_H 1
| #define HAVE_INTTYPES_H 1
| #define HAVE_STDINT_H 1
| #define HAVE_UNISTD_H 1
| #define HAVE_DLFCN_H 1
| #define LT_OBJDIR ".libs/"
| #define pgiFortran 1
| #define NF_INT1_T byte
| #define NF_INT2_T integer*2
| #define NF_INT1_IS_C_SIGNED_CHAR 1
| #define NF_INT2_IS_C_SHORT 1
| #define NF_INT_IS_C_INT 1
| #define NF_REAL_IS_C_FLOAT 1
| #define NF_DOUBLEPRECISION_IS_C_DOUBLE 1
| #define NCBYTE_T byte
| #define NCSHORT_T integer*2
| #define HAVE_NETCDF_H 1
| #define HAVE_NC_DEF_OPAQUE 1
| #define HAVE_NCCREATE 1
| #define HAVE_NC_SET_LOG_LEVEL 1
| #define HAVE_OC_OPEN 1
| #define HAVE_NC_USE_PARALLEL_ENABLED 1
| #define USE_NETCDF4 1
| #define HAVE_SYS_PARAM_H 1
| #define HAVE_LOCALE_H 1
| #define HAVE_STDIO_H 1
| #define HAVE_STDARG_H 1
| #define HAVE_ERRNO_H 1
| #define HAVE_CTYPE_H 1
| #define HAVE_FCNTL_H 1
| #define HAVE_MALLOC_H 1
| #define HAVE_STDLIB_H 1
| #define HAVE_STRING_H 1
| #define HAVE_STRINGS_H 1
| #define HAVE_UNISTD_H 1
| #define HAVE_SYS_STAT_H 1
| #define HAVE_GETOPT_H 1
| #define HAVE_SYS_TIME_H 1
| #define HAVE_SYS_RESOURCE_H 1
| #define HAVE_DIRENT_H 1
| #define STDC_HEADERS 1
| #define HAVE_SYS_WAIT_H 1
| #define TIME_WITH_SYS_TIME 1
| #define HAVE_VPRINTF 1
| /* end confdefs.h.  */
| /* Define _doprnt to an innocuous variant, in case <limits.h> declares _doprnt.
|    For example, HP-UX 11i <limits.h> declares gettimeofday.  */
| #define _doprnt innocuous__doprnt
| 
| /* System header to define __stub macros and hopefully few prototypes,
|     which can conflict with char _doprnt (); below.
|     Prefer <limits.h> to <assert.h> if __STDC__ is defined, since
|     <limits.h> exists even on freestanding compilers.  */
| 
| #ifdef __STDC__
| # include <limits.h>
| #else
| # include <assert.h>
| #endif
| 
| #undef _doprnt
| 
| /* Override any GCC internal prototype to avoid an error.
|    Use char because int might match the return type of a GCC
|    builtin and then its argument prototype would still apply.  */
| #ifdef __cplusplus
| extern "C"
| #endif
| char _doprnt ();
| /* The GNU C library defines this for functions which it implements
|     to always fail with ENOSYS.  Some functions are actually named
|     something starting with __ and the normal name is an alias.  */
| #if defined __stub__doprnt || defined __stub____doprnt
| choke me
| #endif
| 
| int
| main ()
| {
| return _doprnt ();
|   ;
|   return 0;
| }
configure:21823: result: no
configure:21836: checking for stdbool.h that conforms to C99
configure:21903: gcc -c -g -O2 -I/usr/local/netcdf-dev/include conftest.c >&5
configure:21903: $? = 0
configure:21910: result: yes
configure:21912: checking for _Bool
configure:21912: gcc -c -g -O2 -I/usr/local/netcdf-dev/include conftest.c >&5
configure:21912: $? = 0
configure:21912: gcc -c -g -O2 -I/usr/local/netcdf-dev/include conftest.c >&5
conftest.c: In function 'main':
conftest.c:100:20: error: expected expression before ')' token
 if (sizeof ((_Bool)))
                    ^
configure:21912: $? = 1
configure: failed program was:
| /* confdefs.h */
| #define PACKAGE_NAME "netCDF-Fortran"
| #define PACKAGE_TARNAME "netcdf-fortran"
| #define PACKAGE_VERSION "4.5.0-development"
| #define PACKAGE_STRING "netCDF-Fortran 4.5.0-development"
| #define PACKAGE_BUGREPORT "support-netcdf@unidata.ucar.edu"
| #define PACKAGE_URL ""
| #define PACKAGE "netcdf-fortran"
| #define VERSION "4.5.0-development"
| #define HAVE_F2008 1
| #define HAVE_TS29113_SUPPORT 1
| #define TEMP_LARGE "."
| #define STDC_HEADERS 1
| #define HAVE_SYS_TYPES_H 1
| #define HAVE_SYS_STAT_H 1
| #define HAVE_STDLIB_H 1
| #define HAVE_STRING_H 1
| #define HAVE_MEMORY_H 1
| #define HAVE_STRINGS_H 1
| #define HAVE_INTTYPES_H 1
| #define HAVE_STDINT_H 1
| #define HAVE_UNISTD_H 1
| #define HAVE_DLFCN_H 1
| #define LT_OBJDIR ".libs/"
| #define pgiFortran 1
| #define NF_INT1_T byte
| #define NF_INT2_T integer*2
| #define NF_INT1_IS_C_SIGNED_CHAR 1
| #define NF_INT2_IS_C_SHORT 1
| #define NF_INT_IS_C_INT 1
| #define NF_REAL_IS_C_FLOAT 1
| #define NF_DOUBLEPRECISION_IS_C_DOUBLE 1
| #define NCBYTE_T byte
| #define NCSHORT_T integer*2
| #define HAVE_NETCDF_H 1
| #define HAVE_NC_DEF_OPAQUE 1
| #define HAVE_NCCREATE 1
| #define HAVE_NC_SET_LOG_LEVEL 1
| #define HAVE_OC_OPEN 1
| #define HAVE_NC_USE_PARALLEL_ENABLED 1
| #define USE_NETCDF4 1
| #define HAVE_SYS_PARAM_H 1
| #define HAVE_LOCALE_H 1
| #define HAVE_STDIO_H 1
| #define HAVE_STDARG_H 1
| #define HAVE_ERRNO_H 1
| #define HAVE_CTYPE_H 1
| #define HAVE_FCNTL_H 1
| #define HAVE_MALLOC_H 1
| #define HAVE_STDLIB_H 1
| #define HAVE_STRING_H 1
| #define HAVE_STRINGS_H 1
| #define HAVE_UNISTD_H 1
| #define HAVE_SYS_STAT_H 1
| #define HAVE_GETOPT_H 1
| #define HAVE_SYS_TIME_H 1
| #define HAVE_SYS_RESOURCE_H 1
| #define HAVE_DIRENT_H 1
| #define STDC_HEADERS 1
| #define HAVE_SYS_WAIT_H 1
| #define TIME_WITH_SYS_TIME 1
| #define HAVE_VPRINTF 1
| /* end confdefs.h.  */
| #include <stdio.h>
| #ifdef HAVE_SYS_TYPES_H
| # include <sys/types.h>
| #endif
| #ifdef HAVE_SYS_STAT_H
| # include <sys/stat.h>
| #endif
| #ifdef STDC_HEADERS
| # include <stdlib.h>
| # include <stddef.h>
| #else
| # ifdef HAVE_STDLIB_H
| #  include <stdlib.h>
| # endif
| #endif
| #ifdef HAVE_STRING_H
| # if !defined STDC_HEADERS && defined HAVE_MEMORY_H
| #  include <memory.h>
| # endif
| # include <string.h>
| #endif
| #ifdef HAVE_STRINGS_H
| # include <strings.h>
| #endif
| #ifdef HAVE_INTTYPES_H
| # include <inttypes.h>
| #endif
| #ifdef HAVE_STDINT_H
| # include <stdint.h>
| #endif
| #ifdef HAVE_UNISTD_H
| # include <unistd.h>
| #endif
| int
| main ()
| {
| if (sizeof ((_Bool)))
| 	    return 0;
|   ;
|   return 0;
| }
configure:21912: result: yes
configure:21933: checking for size_t
configure:21933: gcc -c -g -O2 -I/usr/local/netcdf-dev/include conftest.c >&5
configure:21933: $? = 0
configure:21933: gcc -c -g -O2 -I/usr/local/netcdf-dev/include conftest.c >&5
conftest.c: In function 'main':
conftest.c:102:21: error: expected expression before ')' token
 if (sizeof ((size_t)))
                     ^
configure:21933: $? = 1
configure: failed program was:
| /* confdefs.h */
| #define PACKAGE_NAME "netCDF-Fortran"
| #define PACKAGE_TARNAME "netcdf-fortran"
| #define PACKAGE_VERSION "4.5.0-development"
| #define PACKAGE_STRING "netCDF-Fortran 4.5.0-development"
| #define PACKAGE_BUGREPORT "support-netcdf@unidata.ucar.edu"
| #define PACKAGE_URL ""
| #define PACKAGE "netcdf-fortran"
| #define VERSION "4.5.0-development"
| #define HAVE_F2008 1
| #define HAVE_TS29113_SUPPORT 1
| #define TEMP_LARGE "."
| #define STDC_HEADERS 1
| #define HAVE_SYS_TYPES_H 1
| #define HAVE_SYS_STAT_H 1
| #define HAVE_STDLIB_H 1
| #define HAVE_STRING_H 1
| #define HAVE_MEMORY_H 1
| #define HAVE_STRINGS_H 1
| #define HAVE_INTTYPES_H 1
| #define HAVE_STDINT_H 1
| #define HAVE_UNISTD_H 1
| #define HAVE_DLFCN_H 1
| #define LT_OBJDIR ".libs/"
| #define pgiFortran 1
| #define NF_INT1_T byte
| #define NF_INT2_T integer*2
| #define NF_INT1_IS_C_SIGNED_CHAR 1
| #define NF_INT2_IS_C_SHORT 1
| #define NF_INT_IS_C_INT 1
| #define NF_REAL_IS_C_FLOAT 1
| #define NF_DOUBLEPRECISION_IS_C_DOUBLE 1
| #define NCBYTE_T byte
| #define NCSHORT_T integer*2
| #define HAVE_NETCDF_H 1
| #define HAVE_NC_DEF_OPAQUE 1
| #define HAVE_NCCREATE 1
| #define HAVE_NC_SET_LOG_LEVEL 1
| #define HAVE_OC_OPEN 1
| #define HAVE_NC_USE_PARALLEL_ENABLED 1
| #define USE_NETCDF4 1
| #define HAVE_SYS_PARAM_H 1
| #define HAVE_LOCALE_H 1
| #define HAVE_STDIO_H 1
| #define HAVE_STDARG_H 1
| #define HAVE_ERRNO_H 1
| #define HAVE_CTYPE_H 1
| #define HAVE_FCNTL_H 1
| #define HAVE_MALLOC_H 1
| #define HAVE_STDLIB_H 1
| #define HAVE_STRING_H 1
| #define HAVE_STRINGS_H 1
| #define HAVE_UNISTD_H 1
| #define HAVE_SYS_STAT_H 1
| #define HAVE_GETOPT_H 1
| #define HAVE_SYS_TIME_H 1
| #define HAVE_SYS_RESOURCE_H 1
| #define HAVE_DIRENT_H 1
| #define STDC_HEADERS 1
| #define HAVE_SYS_WAIT_H 1
| #define TIME_WITH_SYS_TIME 1
| #define HAVE_VPRINTF 1
| #define HAVE__BOOL 1
| #define HAVE_STDBOOL_H 1
| /* end confdefs.h.  */
| #include <stdio.h>
| #ifdef HAVE_SYS_TYPES_H
| # include <sys/types.h>
| #endif
| #ifdef HAVE_SYS_STAT_H
| # include <sys/stat.h>
| #endif
| #ifdef STDC_HEADERS
| # include <stdlib.h>
| # include <stddef.h>
| #else
| # ifdef HAVE_STDLIB_H
| #  include <stdlib.h>
| # endif
| #endif
| #ifdef HAVE_STRING_H
| # if !defined STDC_HEADERS && defined HAVE_MEMORY_H
| #  include <memory.h>
| # endif
| # include <string.h>
| #endif
| #ifdef HAVE_STRINGS_H
| # include <strings.h>
| #endif
| #ifdef HAVE_INTTYPES_H
| # include <inttypes.h>
| #endif
| #ifdef HAVE_STDINT_H
| # include <stdint.h>
| #endif
| #ifdef HAVE_UNISTD_H
| # include <unistd.h>
| #endif
| int
| main ()
| {
| if (sizeof ((size_t)))
| 	    return 0;
|   ;
|   return 0;
| }
configure:21933: result: yes
configure:21946: checking for working alloca.h
configure:21963: gcc -o conftest -g -O2 -I/usr/local/netcdf-dev/include -L/usr/local/netcdf-dev/lib conftest.c -lnetcdf  >&5
configure:21963: $? = 0
configure:21971: result: yes
configure:21979: checking for alloca
configure:22016: gcc -o conftest -g -O2 -I/usr/local/netcdf-dev/include -L/usr/local/netcdf-dev/lib conftest.c -lnetcdf  >&5
configure:22016: $? = 0
configure:22024: result: yes
configure:22133: checking for size_t
configure:22133: result: yes
configure:22144: checking for off_t
configure:22144: gcc -c -g -O2 -I/usr/local/netcdf-dev/include conftest.c >&5
configure:22144: $? = 0
configure:22144: gcc -c -g -O2 -I/usr/local/netcdf-dev/include conftest.c >&5
conftest.c: In function 'main':
conftest.c:104:20: error: expected expression before ')' token
 if (sizeof ((off_t)))
                    ^
configure:22144: $? = 1
configure: failed program was:
| /* confdefs.h */
| #define PACKAGE_NAME "netCDF-Fortran"
| #define PACKAGE_TARNAME "netcdf-fortran"
| #define PACKAGE_VERSION "4.5.0-development"
| #define PACKAGE_STRING "netCDF-Fortran 4.5.0-development"
| #define PACKAGE_BUGREPORT "support-netcdf@unidata.ucar.edu"
| #define PACKAGE_URL ""
| #define PACKAGE "netcdf-fortran"
| #define VERSION "4.5.0-development"
| #define HAVE_F2008 1
| #define HAVE_TS29113_SUPPORT 1
| #define TEMP_LARGE "."
| #define STDC_HEADERS 1
| #define HAVE_SYS_TYPES_H 1
| #define HAVE_SYS_STAT_H 1
| #define HAVE_STDLIB_H 1
| #define HAVE_STRING_H 1
| #define HAVE_MEMORY_H 1
| #define HAVE_STRINGS_H 1
| #define HAVE_INTTYPES_H 1
| #define HAVE_STDINT_H 1
| #define HAVE_UNISTD_H 1
| #define HAVE_DLFCN_H 1
| #define LT_OBJDIR ".libs/"
| #define pgiFortran 1
| #define NF_INT1_T byte
| #define NF_INT2_T integer*2
| #define NF_INT1_IS_C_SIGNED_CHAR 1
| #define NF_INT2_IS_C_SHORT 1
| #define NF_INT_IS_C_INT 1
| #define NF_REAL_IS_C_FLOAT 1
| #define NF_DOUBLEPRECISION_IS_C_DOUBLE 1
| #define NCBYTE_T byte
| #define NCSHORT_T integer*2
| #define HAVE_NETCDF_H 1
| #define HAVE_NC_DEF_OPAQUE 1
| #define HAVE_NCCREATE 1
| #define HAVE_NC_SET_LOG_LEVEL 1
| #define HAVE_OC_OPEN 1
| #define HAVE_NC_USE_PARALLEL_ENABLED 1
| #define USE_NETCDF4 1
| #define HAVE_SYS_PARAM_H 1
| #define HAVE_LOCALE_H 1
| #define HAVE_STDIO_H 1
| #define HAVE_STDARG_H 1
| #define HAVE_ERRNO_H 1
| #define HAVE_CTYPE_H 1
| #define HAVE_FCNTL_H 1
| #define HAVE_MALLOC_H 1
| #define HAVE_STDLIB_H 1
| #define HAVE_STRING_H 1
| #define HAVE_STRINGS_H 1
| #define HAVE_UNISTD_H 1
| #define HAVE_SYS_STAT_H 1
| #define HAVE_GETOPT_H 1
| #define HAVE_SYS_TIME_H 1
| #define HAVE_SYS_RESOURCE_H 1
| #define HAVE_DIRENT_H 1
| #define STDC_HEADERS 1
| #define HAVE_SYS_WAIT_H 1
| #define TIME_WITH_SYS_TIME 1
| #define HAVE_VPRINTF 1
| #define HAVE__BOOL 1
| #define HAVE_STDBOOL_H 1
| #define HAVE_ALLOCA_H 1
| #define HAVE_ALLOCA 1
| /* end confdefs.h.  */
| #include <stdio.h>
| #ifdef HAVE_SYS_TYPES_H
| # include <sys/types.h>
| #endif
| #ifdef HAVE_SYS_STAT_H
| # include <sys/stat.h>
| #endif
| #ifdef STDC_HEADERS
| # include <stdlib.h>
| # include <stddef.h>
| #else
| # ifdef HAVE_STDLIB_H
| #  include <stdlib.h>
| # endif
| #endif
| #ifdef HAVE_STRING_H
| # if !defined STDC_HEADERS && defined HAVE_MEMORY_H
| #  include <memory.h>
| # endif
| # include <string.h>
| #endif
| #ifdef HAVE_STRINGS_H
| # include <strings.h>
| #endif
| #ifdef HAVE_INTTYPES_H
| # include <inttypes.h>
| #endif
| #ifdef HAVE_STDINT_H
| # include <stdint.h>
| #endif
| #ifdef HAVE_UNISTD_H
| # include <unistd.h>
| #endif
| int
| main ()
| {
| if (sizeof ((off_t)))
| 	    return 0;
|   ;
|   return 0;
| }
configure:22144: result: yes
configure:22155: checking for ssize_t
configure:22155: gcc -c -g -O2 -I/usr/local/netcdf-dev/include conftest.c >&5
configure:22155: $? = 0
configure:22155: gcc -c -g -O2 -I/usr/local/netcdf-dev/include conftest.c >&5
conftest.c: In function 'main':
conftest.c:104:22: error: expected expression before ')' token
 if (sizeof ((ssize_t)))
                      ^
configure:22155: $? = 1
configure: failed program was:
| /* confdefs.h */
| #define PACKAGE_NAME "netCDF-Fortran"
| #define PACKAGE_TARNAME "netcdf-fortran"
| #define PACKAGE_VERSION "4.5.0-development"
| #define PACKAGE_STRING "netCDF-Fortran 4.5.0-development"
| #define PACKAGE_BUGREPORT "support-netcdf@unidata.ucar.edu"
| #define PACKAGE_URL ""
| #define PACKAGE "netcdf-fortran"
| #define VERSION "4.5.0-development"
| #define HAVE_F2008 1
| #define HAVE_TS29113_SUPPORT 1
| #define TEMP_LARGE "."
| #define STDC_HEADERS 1
| #define HAVE_SYS_TYPES_H 1
| #define HAVE_SYS_STAT_H 1
| #define HAVE_STDLIB_H 1
| #define HAVE_STRING_H 1
| #define HAVE_MEMORY_H 1
| #define HAVE_STRINGS_H 1
| #define HAVE_INTTYPES_H 1
| #define HAVE_STDINT_H 1
| #define HAVE_UNISTD_H 1
| #define HAVE_DLFCN_H 1
| #define LT_OBJDIR ".libs/"
| #define pgiFortran 1
| #define NF_INT1_T byte
| #define NF_INT2_T integer*2
| #define NF_INT1_IS_C_SIGNED_CHAR 1
| #define NF_INT2_IS_C_SHORT 1
| #define NF_INT_IS_C_INT 1
| #define NF_REAL_IS_C_FLOAT 1
| #define NF_DOUBLEPRECISION_IS_C_DOUBLE 1
| #define NCBYTE_T byte
| #define NCSHORT_T integer*2
| #define HAVE_NETCDF_H 1
| #define HAVE_NC_DEF_OPAQUE 1
| #define HAVE_NCCREATE 1
| #define HAVE_NC_SET_LOG_LEVEL 1
| #define HAVE_OC_OPEN 1
| #define HAVE_NC_USE_PARALLEL_ENABLED 1
| #define USE_NETCDF4 1
| #define HAVE_SYS_PARAM_H 1
| #define HAVE_LOCALE_H 1
| #define HAVE_STDIO_H 1
| #define HAVE_STDARG_H 1
| #define HAVE_ERRNO_H 1
| #define HAVE_CTYPE_H 1
| #define HAVE_FCNTL_H 1
| #define HAVE_MALLOC_H 1
| #define HAVE_STDLIB_H 1
| #define HAVE_STRING_H 1
| #define HAVE_STRINGS_H 1
| #define HAVE_UNISTD_H 1
| #define HAVE_SYS_STAT_H 1
| #define HAVE_GETOPT_H 1
| #define HAVE_SYS_TIME_H 1
| #define HAVE_SYS_RESOURCE_H 1
| #define HAVE_DIRENT_H 1
| #define STDC_HEADERS 1
| #define HAVE_SYS_WAIT_H 1
| #define TIME_WITH_SYS_TIME 1
| #define HAVE_VPRINTF 1
| #define HAVE__BOOL 1
| #define HAVE_STDBOOL_H 1
| #define HAVE_ALLOCA_H 1
| #define HAVE_ALLOCA 1
| /* end confdefs.h.  */
| #include <stdio.h>
| #ifdef HAVE_SYS_TYPES_H
| # include <sys/types.h>
| #endif
| #ifdef HAVE_SYS_STAT_H
| # include <sys/stat.h>
| #endif
| #ifdef STDC_HEADERS
| # include <stdlib.h>
| # include <stddef.h>
| #else
| # ifdef HAVE_STDLIB_H
| #  include <stdlib.h>
| # endif
| #endif
| #ifdef HAVE_STRING_H
| # if !defined STDC_HEADERS && defined HAVE_MEMORY_H
| #  include <memory.h>
| # endif
| # include <string.h>
| #endif
| #ifdef HAVE_STRINGS_H
| # include <strings.h>
| #endif
| #ifdef HAVE_INTTYPES_H
| # include <inttypes.h>
| #endif
| #ifdef HAVE_STDINT_H
| # include <stdint.h>
| #endif
| #ifdef HAVE_UNISTD_H
| # include <unistd.h>
| #endif
| int
| main ()
| {
| if (sizeof ((ssize_t)))
| 	    return 0;
|   ;
|   return 0;
| }
configure:22155: result: yes
configure:22164: checking for ptrdiff_t
configure:22164: gcc -c -g -O2 -I/usr/local/netcdf-dev/include conftest.c >&5
configure:22164: $? = 0
configure:22164: gcc -c -g -O2 -I/usr/local/netcdf-dev/include conftest.c >&5
conftest.c: In function 'main':
conftest.c:105:24: error: expected expression before ')' token
 if (sizeof ((ptrdiff_t)))
                        ^
configure:22164: $? = 1
configure: failed program was:
| /* confdefs.h */
| #define PACKAGE_NAME "netCDF-Fortran"
| #define PACKAGE_TARNAME "netcdf-fortran"
| #define PACKAGE_VERSION "4.5.0-development"
| #define PACKAGE_STRING "netCDF-Fortran 4.5.0-development"
| #define PACKAGE_BUGREPORT "support-netcdf@unidata.ucar.edu"
| #define PACKAGE_URL ""
| #define PACKAGE "netcdf-fortran"
| #define VERSION "4.5.0-development"
| #define HAVE_F2008 1
| #define HAVE_TS29113_SUPPORT 1
| #define TEMP_LARGE "."
| #define STDC_HEADERS 1
| #define HAVE_SYS_TYPES_H 1
| #define HAVE_SYS_STAT_H 1
| #define HAVE_STDLIB_H 1
| #define HAVE_STRING_H 1
| #define HAVE_MEMORY_H 1
| #define HAVE_STRINGS_H 1
| #define HAVE_INTTYPES_H 1
| #define HAVE_STDINT_H 1
| #define HAVE_UNISTD_H 1
| #define HAVE_DLFCN_H 1
| #define LT_OBJDIR ".libs/"
| #define pgiFortran 1
| #define NF_INT1_T byte
| #define NF_INT2_T integer*2
| #define NF_INT1_IS_C_SIGNED_CHAR 1
| #define NF_INT2_IS_C_SHORT 1
| #define NF_INT_IS_C_INT 1
| #define NF_REAL_IS_C_FLOAT 1
| #define NF_DOUBLEPRECISION_IS_C_DOUBLE 1
| #define NCBYTE_T byte
| #define NCSHORT_T integer*2
| #define HAVE_NETCDF_H 1
| #define HAVE_NC_DEF_OPAQUE 1
| #define HAVE_NCCREATE 1
| #define HAVE_NC_SET_LOG_LEVEL 1
| #define HAVE_OC_OPEN 1
| #define HAVE_NC_USE_PARALLEL_ENABLED 1
| #define USE_NETCDF4 1
| #define HAVE_SYS_PARAM_H 1
| #define HAVE_LOCALE_H 1
| #define HAVE_STDIO_H 1
| #define HAVE_STDARG_H 1
| #define HAVE_ERRNO_H 1
| #define HAVE_CTYPE_H 1
| #define HAVE_FCNTL_H 1
| #define HAVE_MALLOC_H 1
| #define HAVE_STDLIB_H 1
| #define HAVE_STRING_H 1
| #define HAVE_STRINGS_H 1
| #define HAVE_UNISTD_H 1
| #define HAVE_SYS_STAT_H 1
| #define HAVE_GETOPT_H 1
| #define HAVE_SYS_TIME_H 1
| #define HAVE_SYS_RESOURCE_H 1
| #define HAVE_DIRENT_H 1
| #define STDC_HEADERS 1
| #define HAVE_SYS_WAIT_H 1
| #define TIME_WITH_SYS_TIME 1
| #define HAVE_VPRINTF 1
| #define HAVE__BOOL 1
| #define HAVE_STDBOOL_H 1
| #define HAVE_ALLOCA_H 1
| #define HAVE_ALLOCA 1
| #define HAVE_SSIZE_T 1
| /* end confdefs.h.  */
| #include <stdio.h>
| #ifdef HAVE_SYS_TYPES_H
| # include <sys/types.h>
| #endif
| #ifdef HAVE_SYS_STAT_H
| # include <sys/stat.h>
| #endif
| #ifdef STDC_HEADERS
| # include <stdlib.h>
| # include <stddef.h>
| #else
| # ifdef HAVE_STDLIB_H
| #  include <stdlib.h>
| # endif
| #endif
| #ifdef HAVE_STRING_H
| # if !defined STDC_HEADERS && defined HAVE_MEMORY_H
| #  include <memory.h>
| # endif
| # include <string.h>
| #endif
| #ifdef HAVE_STRINGS_H
| # include <strings.h>
| #endif
| #ifdef HAVE_INTTYPES_H
| # include <inttypes.h>
| #endif
| #ifdef HAVE_STDINT_H
| # include <stdint.h>
| #endif
| #ifdef HAVE_UNISTD_H
| # include <unistd.h>
| #endif
| int
| main ()
| {
| if (sizeof ((ptrdiff_t)))
| 	    return 0;
|   ;
|   return 0;
| }
configure:22164: result: yes
configure:22173: checking for uchar
configure:22173: gcc -c -g -O2 -I/usr/local/netcdf-dev/include conftest.c >&5
conftest.c: In function 'main':
conftest.c:106:13: error: 'uchar' undeclared (first use in this function); did you mean 'u_char'?
 if (sizeof (uchar))
             ^~~~~
             u_char
conftest.c:106:13: note: each undeclared identifier is reported only once for each function it appears in
configure:22173: $? = 1
configure: failed program was:
| /* confdefs.h */
| #define PACKAGE_NAME "netCDF-Fortran"
| #define PACKAGE_TARNAME "netcdf-fortran"
| #define PACKAGE_VERSION "4.5.0-development"
| #define PACKAGE_STRING "netCDF-Fortran 4.5.0-development"
| #define PACKAGE_BUGREPORT "support-netcdf@unidata.ucar.edu"
| #define PACKAGE_URL ""
| #define PACKAGE "netcdf-fortran"
| #define VERSION "4.5.0-development"
| #define HAVE_F2008 1
| #define HAVE_TS29113_SUPPORT 1
| #define TEMP_LARGE "."
| #define STDC_HEADERS 1
| #define HAVE_SYS_TYPES_H 1
| #define HAVE_SYS_STAT_H 1
| #define HAVE_STDLIB_H 1
| #define HAVE_STRING_H 1
| #define HAVE_MEMORY_H 1
| #define HAVE_STRINGS_H 1
| #define HAVE_INTTYPES_H 1
| #define HAVE_STDINT_H 1
| #define HAVE_UNISTD_H 1
| #define HAVE_DLFCN_H 1
| #define LT_OBJDIR ".libs/"
| #define pgiFortran 1
| #define NF_INT1_T byte
| #define NF_INT2_T integer*2
| #define NF_INT1_IS_C_SIGNED_CHAR 1
| #define NF_INT2_IS_C_SHORT 1
| #define NF_INT_IS_C_INT 1
| #define NF_REAL_IS_C_FLOAT 1
| #define NF_DOUBLEPRECISION_IS_C_DOUBLE 1
| #define NCBYTE_T byte
| #define NCSHORT_T integer*2
| #define HAVE_NETCDF_H 1
| #define HAVE_NC_DEF_OPAQUE 1
| #define HAVE_NCCREATE 1
| #define HAVE_NC_SET_LOG_LEVEL 1
| #define HAVE_OC_OPEN 1
| #define HAVE_NC_USE_PARALLEL_ENABLED 1
| #define USE_NETCDF4 1
| #define HAVE_SYS_PARAM_H 1
| #define HAVE_LOCALE_H 1
| #define HAVE_STDIO_H 1
| #define HAVE_STDARG_H 1
| #define HAVE_ERRNO_H 1
| #define HAVE_CTYPE_H 1
| #define HAVE_FCNTL_H 1
| #define HAVE_MALLOC_H 1
| #define HAVE_STDLIB_H 1
| #define HAVE_STRING_H 1
| #define HAVE_STRINGS_H 1
| #define HAVE_UNISTD_H 1
| #define HAVE_SYS_STAT_H 1
| #define HAVE_GETOPT_H 1
| #define HAVE_SYS_TIME_H 1
| #define HAVE_SYS_RESOURCE_H 1
| #define HAVE_DIRENT_H 1
| #define STDC_HEADERS 1
| #define HAVE_SYS_WAIT_H 1
| #define TIME_WITH_SYS_TIME 1
| #define HAVE_VPRINTF 1
| #define HAVE__BOOL 1
| #define HAVE_STDBOOL_H 1
| #define HAVE_ALLOCA_H 1
| #define HAVE_ALLOCA 1
| #define HAVE_SSIZE_T 1
| #define HAVE_PTRDIFF_T 1
| /* end confdefs.h.  */
| #include <stdio.h>
| #ifdef HAVE_SYS_TYPES_H
| # include <sys/types.h>
| #endif
| #ifdef HAVE_SYS_STAT_H
| # include <sys/stat.h>
| #endif
| #ifdef STDC_HEADERS
| # include <stdlib.h>
| # include <stddef.h>
| #else
| # ifdef HAVE_STDLIB_H
| #  include <stdlib.h>
| # endif
| #endif
| #ifdef HAVE_STRING_H
| # if !defined STDC_HEADERS && defined HAVE_MEMORY_H
| #  include <memory.h>
| # endif
| # include <string.h>
| #endif
| #ifdef HAVE_STRINGS_H
| # include <strings.h>
| #endif
| #ifdef HAVE_INTTYPES_H
| # include <inttypes.h>
| #endif
| #ifdef HAVE_STDINT_H
| # include <stdint.h>
| #endif
| #ifdef HAVE_UNISTD_H
| # include <unistd.h>
| #endif
| int
| main ()
| {
| if (sizeof (uchar))
| 	 return 0;
|   ;
|   return 0;
| }
configure:22173: result: no
configure:22182: checking for longlong
configure:22182: gcc -c -g -O2 -I/usr/local/netcdf-dev/include conftest.c >&5
conftest.c: In function 'main':
conftest.c:106:13: error: 'longlong' undeclared (first use in this function); did you mean 'long int'?
 if (sizeof (longlong))
             ^~~~~~~~
             long int
conftest.c:106:13: note: each undeclared identifier is reported only once for each function it appears in
configure:22182: $? = 1
configure: failed program was:
| /* confdefs.h */
| #define PACKAGE_NAME "netCDF-Fortran"
| #define PACKAGE_TARNAME "netcdf-fortran"
| #define PACKAGE_VERSION "4.5.0-development"
| #define PACKAGE_STRING "netCDF-Fortran 4.5.0-development"
| #define PACKAGE_BUGREPORT "support-netcdf@unidata.ucar.edu"
| #define PACKAGE_URL ""
| #define PACKAGE "netcdf-fortran"
| #define VERSION "4.5.0-development"
| #define HAVE_F2008 1
| #define HAVE_TS29113_SUPPORT 1
| #define TEMP_LARGE "."
| #define STDC_HEADERS 1
| #define HAVE_SYS_TYPES_H 1
| #define HAVE_SYS_STAT_H 1
| #define HAVE_STDLIB_H 1
| #define HAVE_STRING_H 1
| #define HAVE_MEMORY_H 1
| #define HAVE_STRINGS_H 1
| #define HAVE_INTTYPES_H 1
| #define HAVE_STDINT_H 1
| #define HAVE_UNISTD_H 1
| #define HAVE_DLFCN_H 1
| #define LT_OBJDIR ".libs/"
| #define pgiFortran 1
| #define NF_INT1_T byte
| #define NF_INT2_T integer*2
| #define NF_INT1_IS_C_SIGNED_CHAR 1
| #define NF_INT2_IS_C_SHORT 1
| #define NF_INT_IS_C_INT 1
| #define NF_REAL_IS_C_FLOAT 1
| #define NF_DOUBLEPRECISION_IS_C_DOUBLE 1
| #define NCBYTE_T byte
| #define NCSHORT_T integer*2
| #define HAVE_NETCDF_H 1
| #define HAVE_NC_DEF_OPAQUE 1
| #define HAVE_NCCREATE 1
| #define HAVE_NC_SET_LOG_LEVEL 1
| #define HAVE_OC_OPEN 1
| #define HAVE_NC_USE_PARALLEL_ENABLED 1
| #define USE_NETCDF4 1
| #define HAVE_SYS_PARAM_H 1
| #define HAVE_LOCALE_H 1
| #define HAVE_STDIO_H 1
| #define HAVE_STDARG_H 1
| #define HAVE_ERRNO_H 1
| #define HAVE_CTYPE_H 1
| #define HAVE_FCNTL_H 1
| #define HAVE_MALLOC_H 1
| #define HAVE_STDLIB_H 1
| #define HAVE_STRING_H 1
| #define HAVE_STRINGS_H 1
| #define HAVE_UNISTD_H 1
| #define HAVE_SYS_STAT_H 1
| #define HAVE_GETOPT_H 1
| #define HAVE_SYS_TIME_H 1
| #define HAVE_SYS_RESOURCE_H 1
| #define HAVE_DIRENT_H 1
| #define STDC_HEADERS 1
| #define HAVE_SYS_WAIT_H 1
| #define TIME_WITH_SYS_TIME 1
| #define HAVE_VPRINTF 1
| #define HAVE__BOOL 1
| #define HAVE_STDBOOL_H 1
| #define HAVE_ALLOCA_H 1
| #define HAVE_ALLOCA 1
| #define HAVE_SSIZE_T 1
| #define HAVE_PTRDIFF_T 1
| /* end confdefs.h.  */
| #include <stdio.h>
| #ifdef HAVE_SYS_TYPES_H
| # include <sys/types.h>
| #endif
| #ifdef HAVE_SYS_STAT_H
| # include <sys/stat.h>
| #endif
| #ifdef STDC_HEADERS
| # include <stdlib.h>
| # include <stddef.h>
| #else
| # ifdef HAVE_STDLIB_H
| #  include <stdlib.h>
| # endif
| #endif
| #ifdef HAVE_STRING_H
| # if !defined STDC_HEADERS && defined HAVE_MEMORY_H
| #  include <memory.h>
| # endif
| # include <string.h>
| #endif
| #ifdef HAVE_STRINGS_H
| # include <strings.h>
| #endif
| #ifdef HAVE_INTTYPES_H
| # include <inttypes.h>
| #endif
| #ifdef HAVE_STDINT_H
| # include <stdint.h>
| #endif
| #ifdef HAVE_UNISTD_H
| # include <unistd.h>
| #endif
| int
| main ()
| {
| if (sizeof (longlong))
| 	 return 0;
|   ;
|   return 0;
| }
configure:22182: result: no
configure:22192: checking whether char is unsigned
configure:22211: gcc -c -g -O2 -I/usr/local/netcdf-dev/include conftest.c >&5
configure:22211: $? = 0
configure:22218: result: no
configure:22230: checking size of short
configure:22235: gcc -o conftest -g -O2 -I/usr/local/netcdf-dev/include -L/usr/local/netcdf-dev/lib conftest.c -lnetcdf  >&5
configure:22235: $? = 0
configure:22235: ./conftest
configure:22235: $? = 0
configure:22249: result: 2
configure:22263: checking size of int
configure:22268: gcc -o conftest -g -O2 -I/usr/local/netcdf-dev/include -L/usr/local/netcdf-dev/lib conftest.c -lnetcdf  >&5
configure:22268: $? = 0
configure:22268: ./conftest
configure:22268: $? = 0
configure:22282: result: 4
configure:22296: checking size of long
configure:22301: gcc -o conftest -g -O2 -I/usr/local/netcdf-dev/include -L/usr/local/netcdf-dev/lib conftest.c -lnetcdf  >&5
configure:22301: $? = 0
configure:22301: ./conftest
configure:22301: $? = 0
configure:22315: result: 8
configure:22329: checking size of float
configure:22334: gcc -o conftest -g -O2 -I/usr/local/netcdf-dev/include -L/usr/local/netcdf-dev/lib conftest.c -lnetcdf  >&5
configure:22334: $? = 0
configure:22334: ./conftest
configure:22334: $? = 0
configure:22348: result: 4
configure:22362: checking size of double
configure:22367: gcc -o conftest -g -O2 -I/usr/local/netcdf-dev/include -L/usr/local/netcdf-dev/lib conftest.c -lnetcdf  >&5
configure:22367: $? = 0
configure:22367: ./conftest
configure:22367: $? = 0
configure:22381: result: 8
configure:22395: checking size of off_t
configure:22400: gcc -o conftest -g -O2 -I/usr/local/netcdf-dev/include -L/usr/local/netcdf-dev/lib conftest.c -lnetcdf  >&5
configure:22400: $? = 0
configure:22400: ./conftest
configure:22400: $? = 0
configure:22414: result: 8
configure:22428: checking size of size_t
configure:22433: gcc -o conftest -g -O2 -I/usr/local/netcdf-dev/include -L/usr/local/netcdf-dev/lib conftest.c -lnetcdf  >&5
configure:22433: $? = 0
configure:22433: ./conftest
configure:22433: $? = 0
configure:22447: result: 8
configure:22461: checking size of ptrdiff_t
configure:22466: gcc -o conftest -g -O2 -I/usr/local/netcdf-dev/include -L/usr/local/netcdf-dev/lib conftest.c -lnetcdf  >&5
configure:22466: $? = 0
configure:22466: ./conftest
configure:22466: $? = 0
configure:22480: result: 8
configure:22490: gcc -o conftest -g -O2 -I/usr/local/netcdf-dev/include -L/usr/local/netcdf-dev/lib conftest.c -lnetcdf  >&5
configure:22490: $? = 0
configure:22490: ./conftest
configure:22490: $? = 0
configure:22558: generating header files and makefiles
configure:22679: checking that generated files are newer than configure
configure:22685: result: done
configure:22768: creating ./config.status

## ---------------------- ##
## Running config.status. ##
## ---------------------- ##

This file was extended by netCDF-Fortran config.status 4.5.0-development, which was
generated by GNU Autoconf 2.69.  Invocation command line was

  CONFIG_FILES    = 
  CONFIG_HEADERS  = 
  CONFIG_LINKS    = 
  CONFIG_COMMANDS = 
  $ ./config.status 

on mikado

config.status:1319: creating docs/Doxyfile
config.status:1319: creating Makefile
config.status:1319: creating nf-config
config.status:1319: creating netcdf-fortran.pc
config.status:1319: creating docs/Makefile
config.status:1319: creating libsrc/Makefile
config.status:1319: creating fortran/Makefile
config.status:1319: creating nf_test/Makefile
config.status:1319: creating nf03_test/Makefile
config.status:1319: creating CMakeExtras/Makefile
config.status:1319: creating examples/Makefile
config.status:1319: creating examples/F90/Makefile
config.status:1319: creating examples/F77/Makefile
config.status:1319: creating config.h
config.status:1500: config.h is unchanged
config.status:1319: creating libsrc/nfconfig1.inc
config.status:1500: libsrc/nfconfig1.inc is unchanged
config.status:1548: executing depfiles commands
config.status:1548: executing libtool commands

## ---------------- ##
## Cache variables. ##
## ---------------- ##

ac_cv_build=x86_64-pc-linux-gnu
ac_cv_c_char_unsigned=no
ac_cv_c_compiler_gnu=yes
ac_cv_c_const=yes
ac_cv_env_CC_set=
ac_cv_env_CC_value=
ac_cv_env_CFLAGS_set=
ac_cv_env_CFLAGS_value=
ac_cv_env_CPPFLAGS_set=set
ac_cv_env_CPPFLAGS_value=-I/usr/local/netcdf-dev/include
ac_cv_env_CPP_set=
ac_cv_env_CPP_value=
ac_cv_env_F77_set=
ac_cv_env_F77_value=
ac_cv_env_FCFLAGS_set=
ac_cv_env_FCFLAGS_value=
ac_cv_env_FC_set=
ac_cv_env_FC_value=
ac_cv_env_FFLAGS_set=
ac_cv_env_FFLAGS_value=
ac_cv_env_LDFLAGS_set=set
ac_cv_env_LDFLAGS_value=-L/usr/local/netcdf-dev/lib
ac_cv_env_LIBS_set=
ac_cv_env_LIBS_value=
ac_cv_env_LT_SYS_LIBRARY_PATH_set=
ac_cv_env_LT_SYS_LIBRARY_PATH_value=
ac_cv_env_build_alias_set=
ac_cv_env_build_alias_value=
ac_cv_env_host_alias_set=
ac_cv_env_host_alias_value=
ac_cv_env_target_alias_set=
ac_cv_env_target_alias_value=
ac_cv_f77_compiler_gnu=yes
ac_cv_fc_compiler_gnu=yes
ac_cv_fc_srcext_f90=none
ac_cv_func__doprnt=no
ac_cv_func_alloca_works=yes
ac_cv_func_nc_def_opaque=yes
ac_cv_func_nc_set_log_level=yes
ac_cv_func_nc_use_parallel_enabled=yes
ac_cv_func_nccreate=yes
ac_cv_func_oc_open=yes
ac_cv_func_vprintf=yes
ac_cv_header_ctype_h=yes
ac_cv_header_dirent_dirent_h=yes
ac_cv_header_dlfcn_h=yes
ac_cv_header_errno_h=yes
ac_cv_header_fcntl_h=yes
ac_cv_header_getopt_h=yes
ac_cv_header_inttypes_h=yes
ac_cv_header_locale_h=yes
ac_cv_header_malloc_h=yes
ac_cv_header_memory_h=yes
ac_cv_header_netcdf_h=yes
ac_cv_header_stdarg_h=yes
ac_cv_header_stdbool_h=yes
ac_cv_header_stdc=yes
ac_cv_header_stdint_h=yes
ac_cv_header_stdio_h=yes
ac_cv_header_stdlib_h=yes
ac_cv_header_string_h=yes
ac_cv_header_strings_h=yes
ac_cv_header_sys_param_h=yes
ac_cv_header_sys_resource_h=yes
ac_cv_header_sys_stat_h=yes
ac_cv_header_sys_time_h=yes
ac_cv_header_sys_types_h=yes
ac_cv_header_sys_wait_h=yes
ac_cv_header_time=yes
ac_cv_header_unistd_h=yes
ac_cv_host=x86_64-pc-linux-gnu
ac_cv_objext=o
ac_cv_path_EGREP='/bin/grep -E'
ac_cv_path_FGREP='/bin/grep -F'
ac_cv_path_GREP=/bin/grep
ac_cv_path_SED=/bin/sed
ac_cv_path_install='/usr/bin/install -c'
ac_cv_path_lt_DD=/bin/dd
ac_cv_path_mkdir=/bin/mkdir
ac_cv_prog_AWK=mawk
ac_cv_prog_CPP='gcc -E'
ac_cv_prog_DOXYGEN=doxygen
ac_cv_prog_NM='/usr/bin/nm -B'
ac_cv_prog_ac_ct_AR=ar
ac_cv_prog_ac_ct_CC=gcc
ac_cv_prog_ac_ct_F77=gfortran
ac_cv_prog_ac_ct_FC=gfortran
ac_cv_prog_ac_ct_MANIFEST_TOOL=mt
ac_cv_prog_ac_ct_OBJDUMP=objdump
ac_cv_prog_ac_ct_RANLIB=ranlib
ac_cv_prog_ac_ct_STRIP=strip
ac_cv_prog_cc_c89=
ac_cv_prog_cc_g=yes
ac_cv_prog_f77_g=yes
ac_cv_prog_f90_uppercase_mod=no
ac_cv_prog_fc_g=yes
ac_cv_prog_make_make_set=yes
ac_cv_search_nc_open=-lnetcdf
ac_cv_search_opendir='none required'
ac_cv_sizeof_double=8
ac_cv_sizeof_float=4
ac_cv_sizeof_int=4
ac_cv_sizeof_long=8
ac_cv_sizeof_off_t=8
ac_cv_sizeof_ptrdiff_t=8
ac_cv_sizeof_short=2
ac_cv_sizeof_size_t=8
ac_cv_sys_file_offset_bits=no
ac_cv_sys_largefile_CC=no
ac_cv_target=x86_64-pc-linux-gnu
ac_cv_type__Bool=yes
ac_cv_type_longlong=no
ac_cv_type_off_t=yes
ac_cv_type_ptrdiff_t=yes
ac_cv_type_size_t=yes
ac_cv_type_ssize_t=yes
ac_cv_type_uchar=no
ac_cv_working_alloca_h=yes
am_cv_CC_dependencies_compiler_type=gcc3
am_cv_make_support_nested_variables=yes
am_cv_prog_cc_c_o=yes
ax_cv_f90_modflag=-I
lt_cv_ar_at_file=@
lt_cv_archive_cmds_need_lc=no
lt_cv_deplibs_check_method=pass_all
lt_cv_file_magic_cmd='$MAGIC_CMD'
lt_cv_file_magic_test_file=
lt_cv_ld_reload_flag=-r
lt_cv_nm_interface='BSD nm'
lt_cv_objdir=.libs
lt_cv_path_LD=/usr/bin/ld
lt_cv_path_NM='/usr/bin/nm -B'
lt_cv_path_mainfest_tool=no
lt_cv_prog_compiler_c_o=yes
lt_cv_prog_compiler_c_o_F77=yes
lt_cv_prog_compiler_c_o_FC=yes
lt_cv_prog_compiler_pic='-fPIC -DPIC'
lt_cv_prog_compiler_pic_F77=-fPIC
lt_cv_prog_compiler_pic_FC=-fPIC
lt_cv_prog_compiler_pic_works=yes
lt_cv_prog_compiler_pic_works_F77=yes
lt_cv_prog_compiler_pic_works_FC=yes
lt_cv_prog_compiler_rtti_exceptions=no
lt_cv_prog_compiler_static_works=yes
lt_cv_prog_compiler_static_works_F77=yes
lt_cv_prog_compiler_static_works_FC=yes
lt_cv_prog_gnu_ld=yes
lt_cv_sharedlib_from_linklib_cmd='printf %s\n'
lt_cv_shlibpath_overrides_runpath=yes
lt_cv_sys_global_symbol_pipe='sed -n -e '\''s/^.*[	 ]\([ABCDGIRSTW][ABCDGIRSTW]*\)[	 ][	 ]*\([_A-Za-z][_A-Za-z0-9]*\)$/\1 \2 \2/p'\'' | sed '\''/ __gnu_lto/d'\'''
lt_cv_sys_global_symbol_to_c_name_address='sed -n -e '\''s/^: \(.*\) .*$/  {"\1", (void *) 0},/p'\'' -e '\''s/^[ABCDGIRSTW][ABCDGIRSTW]* .* \(.*\)$/  {"\1", (void *) \&\1},/p'\'''
lt_cv_sys_global_symbol_to_c_name_address_lib_prefix='sed -n -e '\''s/^: \(.*\) .*$/  {"\1", (void *) 0},/p'\'' -e '\''s/^[ABCDGIRSTW][ABCDGIRSTW]* .* \(lib.*\)$/  {"\1", (void *) \&\1},/p'\'' -e '\''s/^[ABCDGIRSTW][ABCDGIRSTW]* .* \(.*\)$/  {"lib\1", (void *) \&\1},/p'\'''
lt_cv_sys_global_symbol_to_cdecl='sed -n -e '\''s/^T .* \(.*\)$/extern int \1();/p'\'' -e '\''s/^[ABCDGIRSTW][ABCDGIRSTW]* .* \(.*\)$/extern char \1;/p'\'''
lt_cv_sys_global_symbol_to_import=
lt_cv_sys_max_cmd_len=1635000
lt_cv_to_host_file_cmd=func_convert_file_noop
lt_cv_to_tool_file_cmd=func_convert_file_noop
lt_cv_truncate_bin='/bin/dd bs=4096 count=1'

## ----------------- ##
## Output variables. ##
## ----------------- ##

ACLOCAL='${SHELL} /home/ed/tmp/netcdf-fortran/missing aclocal-1.15'
ALLOCA=''
AMDEPBACKSLASH='\'
AMDEP_FALSE='#'
AMDEP_TRUE=''
AMTAR='$${TAR-tar}'
AM_BACKSLASH='\'
AM_DEFAULT_V='$(AM_DEFAULT_VERBOSITY)'
AM_DEFAULT_VERBOSITY='1'
AM_V='$(V)'
AR='ar'
AUTOCONF='${SHELL} /home/ed/tmp/netcdf-fortran/missing autoconf'
AUTOHEADER='${SHELL} /home/ed/tmp/netcdf-fortran/missing autoheader'
AUTOMAKE='${SHELL} /home/ed/tmp/netcdf-fortran/missing automake-1.15'
AWK='mawk'
BUILD_BENCHMARKS_FALSE=''
BUILD_BENCHMARKS_TRUE='#'
BUILD_DAP_FALSE='#'
BUILD_DAP_TRUE=''
BUILD_DLL_FALSE=''
BUILD_DLL_TRUE='#'
BUILD_DOCS_FALSE='#'
BUILD_DOCS_TRUE=''
BUILD_F03_FALSE='#'
BUILD_F03_TRUE=''
BUILD_INTERNAL_DOCS='no'
BUILD_PARALLEL_FALSE='#'
BUILD_PARALLEL_TRUE=''
BUILD_V2_FALSE='#'
BUILD_V2_TRUE=''
CC='gcc'
CCDEPMODE='depmode=gcc3'
CFLAGS='-g -O2 -DLONGLONG_IS_LONG'
CPP='gcc -E'
CPPFLAGS='-I/usr/local/netcdf-dev/include'
CYGPATH_W='echo'
DEFS='-DHAVE_CONFIG_H'
DEPDIR='.deps'
DLLTOOL='false'
DOT=''
DOXYGEN='doxygen'
DSYMUTIL=''
DUMPBIN=''
ECHO_C=''
ECHO_N='-n'
ECHO_T=''
EGREP='/bin/grep -E'
EXEEXT=''
EXTRA_EXAMPLE_TESTS_FALSE=''
EXTRA_EXAMPLE_TESTS_TRUE='#'
EXTRA_TESTS_FALSE=''
EXTRA_TESTS_TRUE='#'
F77='gfortran'
FC='gfortran'
FCFLAGS='-g -O2'
FCFLAGS_f90=''
FFLAGS='-g -O2'
FGREP='/bin/grep -F'
GREP='/bin/grep'
HAS_DAP='yes'
HAS_F03='yes'
HAS_F90='no'
HAS_NC2='yes'
HAS_NC4='yes'
HAVE_DOT='NO'
INSTALL_DATA='${INSTALL} -m 644'
INSTALL_PROGRAM='${INSTALL}'
INSTALL_SCRIPT='${INSTALL}'
INSTALL_STRIP_PROGRAM='$(install_sh) -c -s'
LARGE_FILE_TESTS_FALSE=''
LARGE_FILE_TESTS_TRUE='#'
LD='/usr/bin/ld -m elf_x86_64'
LDFLAGS='-L/usr/local/netcdf-dev/lib'
LIBOBJS=''
LIBS='-lnetcdf '
LIBTOOL='$(SHELL) $(top_builddir)/libtool'
LIPO=''
LN_S='ln -s'
LTLIBOBJS=''
LT_SYS_LIBRARY_PATH=''
MAKEINFO='${SHELL} /home/ed/tmp/netcdf-fortran/missing makeinfo'
MANIFEST_TOOL=':'
MKDIR_P='/bin/mkdir -p'
MOD_FLAG='-I'
NC_FLIBS='-lnetcdff -L/usr/local/netcdf-dev/lib -lnetcdf -lnetcdf '
NC_LIBS='-L/usr/local/netcdf-dev/lib -lnetcdf -lnetcdf '
NM='/usr/bin/nm -B'
NMEDIT=''
NMFLAGS=''
OBJDUMP='objdump'
OBJEXT='o'
OTOOL64=''
OTOOL=''
PACKAGE='netcdf-fortran'
PACKAGE_BUGREPORT='support-netcdf@unidata.ucar.edu'
PACKAGE_NAME='netCDF-Fortran'
PACKAGE_STRING='netCDF-Fortran 4.5.0-development'
PACKAGE_TARNAME='netcdf-fortran'
PACKAGE_URL=''
PACKAGE_VERSION='4.5.0-development'
PATH_SEPARATOR=':'
RANLIB='ranlib'
SED='/bin/sed'
SET_MAKE=''
SHELL='/bin/bash'
STRIP='strip'
TEST_PARALLEL_FALSE=''
TEST_PARALLEL_TRUE='#'
UPPER_CASE_MOD_FALSE=''
UPPER_CASE_MOD_TRUE='#'
USE_LOGGING_FALSE='#'
USE_LOGGING_TRUE=''
USE_NETCDF4_FALSE='#'
USE_NETCDF4_TRUE=''
USE_VALGRIND_TESTS_FALSE=''
USE_VALGRIND_TESTS_TRUE='#'
VERSION='4.5.0-development'
ac_ct_AR='ar'
ac_ct_CC='gcc'
ac_ct_DUMPBIN=''
ac_ct_F77='gfortran'
ac_ct_FC='gfortran'
am__EXEEXT_FALSE=''
am__EXEEXT_TRUE='#'
am__fastdepCC_FALSE='#'
am__fastdepCC_TRUE=''
am__include='include'
am__isrc=''
am__leading_dot='.'
am__nodep='_no'
am__quote=''
am__tar='$${TAR-tar} chof - "$$tardir"'
am__untar='$${TAR-tar} xf -'
bindir='${exec_prefix}/bin'
build='x86_64-pc-linux-gnu'
build_alias=''
build_cpu='x86_64'
build_os='linux-gnu'
build_vendor='pc'
datadir='${datarootdir}'
datarootdir='${prefix}/share'
docdir='${datarootdir}/doc/${PACKAGE_TARNAME}'
dvidir='${docdir}'
exec_prefix='${prefix}'
host='x86_64-pc-linux-gnu'
host_alias=''
host_cpu='x86_64'
host_os='linux-gnu'
host_vendor='pc'
htmldir='${docdir}'
includedir='${prefix}/include'
infodir='${datarootdir}/info'
install_sh='${SHELL} /home/ed/tmp/netcdf-fortran/install-sh'
libdir='${exec_prefix}/lib'
libexecdir='${exec_prefix}/libexec'
localedir='${datarootdir}/locale'
localstatedir='${prefix}/var'
mandir='${datarootdir}/man'
mkdir_p='$(MKDIR_P)'
oldincludedir='/usr/include'
pdfdir='${docdir}'
prefix='/usr/local'
program_transform_name='s,x,x,'
psdir='${docdir}'
runstatedir='${localstatedir}/run'
sbindir='${exec_prefix}/sbin'
sharedstatedir='${prefix}/com'
sysconfdir='${prefix}/etc'
target='x86_64-pc-linux-gnu'
target_alias=''
target_cpu='x86_64'
target_os='linux-gnu'
target_vendor='pc'

## ----------- ##
## confdefs.h. ##
## ----------- ##

/* confdefs.h */
#define PACKAGE_NAME "netCDF-Fortran"
#define PACKAGE_TARNAME "netcdf-fortran"
#define PACKAGE_VERSION "4.5.0-development"
#define PACKAGE_STRING "netCDF-Fortran 4.5.0-development"
#define PACKAGE_BUGREPORT "support-netcdf@unidata.ucar.edu"
#define PACKAGE_URL ""
#define PACKAGE "netcdf-fortran"
#define VERSION "4.5.0-development"
#define HAVE_F2008 1
#define HAVE_TS29113_SUPPORT 1
#define TEMP_LARGE "."
#define STDC_HEADERS 1
#define HAVE_SYS_TYPES_H 1
#define HAVE_SYS_STAT_H 1
#define HAVE_STDLIB_H 1
#define HAVE_STRING_H 1
#define HAVE_MEMORY_H 1
#define HAVE_STRINGS_H 1
#define HAVE_INTTYPES_H 1
#define HAVE_STDINT_H 1
#define HAVE_UNISTD_H 1
#define HAVE_DLFCN_H 1
#define LT_OBJDIR ".libs/"
#define pgiFortran 1
#define NF_INT1_T byte
#define NF_INT2_T integer*2
#define NF_INT1_IS_C_SIGNED_CHAR 1
#define NF_INT2_IS_C_SHORT 1
#define NF_INT_IS_C_INT 1
#define NF_REAL_IS_C_FLOAT 1
#define NF_DOUBLEPRECISION_IS_C_DOUBLE 1
#define NCBYTE_T byte
#define NCSHORT_T integer*2
#define HAVE_NETCDF_H 1
#define HAVE_NC_DEF_OPAQUE 1
#define HAVE_NCCREATE 1
#define HAVE_NC_SET_LOG_LEVEL 1
#define HAVE_OC_OPEN 1
#define HAVE_NC_USE_PARALLEL_ENABLED 1
#define USE_NETCDF4 1
#define HAVE_SYS_PARAM_H 1
#define HAVE_LOCALE_H 1
#define HAVE_STDIO_H 1
#define HAVE_STDARG_H 1
#define HAVE_ERRNO_H 1
#define HAVE_CTYPE_H 1
#define HAVE_FCNTL_H 1
#define HAVE_MALLOC_H 1
#define HAVE_STDLIB_H 1
#define HAVE_STRING_H 1
#define HAVE_STRINGS_H 1
#define HAVE_UNISTD_H 1
#define HAVE_SYS_STAT_H 1
#define HAVE_GETOPT_H 1
#define HAVE_SYS_TIME_H 1
#define HAVE_SYS_RESOURCE_H 1
#define HAVE_DIRENT_H 1
#define STDC_HEADERS 1
#define HAVE_SYS_WAIT_H 1
#define TIME_WITH_SYS_TIME 1
#define HAVE_VPRINTF 1
#define HAVE__BOOL 1
#define HAVE_STDBOOL_H 1
#define HAVE_ALLOCA_H 1
#define HAVE_ALLOCA 1
#define HAVE_SSIZE_T 1
#define HAVE_PTRDIFF_T 1
#define SIZEOF_SHORT 2
#define SIZEOF_INT 4
#define SIZEOF_LONG 8
#define SIZEOF_FLOAT 4
#define SIZEOF_DOUBLE 8
#define SIZEOF_OFF_T 8
#define SIZEOF_SIZE_T 8
#define SIZEOF_PTRDIFF_T 8

configure: exit 0
